SF:lib\data\datasources\movie\movie_local_data_source.dart
DA:13,1
DA:15,1
DA:18,2
DA:21,2
DA:25,1
DA:28,2
DA:31,2
DA:35,1
DA:37,2
DA:39,1
DA:45,1
DA:47,2
DA:48,4
LF:13
LH:13
end_of_record
SF:lib\utils\exception.dart
DA:6,4
LF:1
LH:1
end_of_record
SF:lib\data\models\movie\movie_table.dart
DA:10,2
DA:17,2
DA:18,1
DA:19,1
DA:20,1
DA:21,1
DA:24,2
DA:25,1
DA:26,1
DA:27,1
DA:28,1
DA:31,0
DA:32,0
DA:33,0
DA:34,0
DA:35,0
DA:38,2
DA:39,1
DA:40,1
DA:41,1
DA:42,1
DA:45,2
DA:46,10
LF:23
LH:18
end_of_record
SF:lib\domain\entities\genre.dart
DA:4,12
DA:12,2
DA:13,6
LF:3
LH:3
end_of_record
SF:lib\domain\entities\movie\movie.dart
DA:4,12
DA:20,2
DA:41,2
DA:42,2
DA:43,2
DA:44,2
DA:45,2
DA:46,2
DA:47,2
DA:48,2
DA:49,2
DA:50,2
DA:51,2
DA:52,2
DA:53,2
DA:54,2
DA:55,2
LF:17
LH:17
end_of_record
SF:lib\domain\entities\movie\movie_detail.dart
DA:5,6
DA:33,1
DA:34,1
DA:35,1
DA:36,1
DA:37,1
DA:38,1
DA:39,1
DA:40,1
DA:41,1
DA:42,1
DA:43,1
DA:44,1
DA:45,1
LF:14
LH:14
end_of_record
SF:lib\utils\failure.dart
DA:6,14
DA:8,2
DA:9,4
DA:13,24
DA:17,4
DA:21,12
LF:6
LH:6
end_of_record
SF:lib\data\datasources\db\database_helper.dart
DA:8,0
DA:12,0
DA:16,0
DA:18,0
DA:26,0
DA:27,0
DA:28,0
DA:30,0
DA:34,0
DA:35,0
DA:43,0
DA:45,0
DA:53,0
DA:56,0
DA:57,0
DA:58,0
DA:61,0
DA:62,0
DA:63,0
DA:66,0
DA:67,0
DA:68,0
DA:71,0
DA:75,0
DA:76,0
DA:77,0
DA:80,0
DA:84,0
DA:85,0
DA:86,0
DA:89,0
DA:92,0
DA:93,0
DA:99,0
DA:100,0
DA:101,0
DA:104,0
DA:107,0
DA:108,0
DA:114,0
DA:115,0
DA:117,0
DA:122,0
DA:123,0
DA:125,0
LF:45
LH:0
end_of_record
SF:lib\data\datasources\movie\movie_remote_data_source.dart
DA:18,1
DA:20,1
DA:23,4
DA:25,2
DA:26,4
DA:28,1
DA:32,1
DA:35,4
DA:37,2
DA:38,3
DA:40,1
DA:44,1
DA:46,1
DA:47,3
DA:49,2
DA:50,4
DA:52,1
DA:56,1
DA:59,4
DA:61,2
DA:62,4
DA:64,1
DA:68,1
DA:71,4
DA:73,2
DA:74,4
DA:76,1
DA:80,1
DA:82,1
DA:83,3
DA:85,2
DA:86,4
DA:88,1
LF:33
LH:33
end_of_record
SF:lib\data\models\movie\movie_detail_model.dart
DA:5,2
DA:51,1
DA:52,1
DA:53,1
DA:54,1
DA:55,1
DA:56,1
DA:57,4
DA:58,1
DA:59,1
DA:60,1
DA:61,1
DA:62,1
DA:63,1
DA:64,2
DA:65,1
DA:66,1
DA:67,1
DA:68,1
DA:69,1
DA:70,1
DA:71,1
DA:72,1
DA:73,2
DA:74,1
DA:77,1
DA:78,1
DA:79,1
DA:80,1
DA:81,5
DA:82,1
DA:83,1
DA:84,1
DA:85,1
DA:86,1
DA:87,1
DA:88,1
DA:89,1
DA:90,1
DA:94,1
DA:95,1
DA:96,1
DA:97,1
DA:98,1
DA:99,1
DA:100,1
DA:101,1
DA:102,1
DA:103,1
DA:104,1
DA:105,1
DA:106,1
DA:107,1
DA:108,1
DA:109,1
DA:110,1
DA:111,1
DA:112,1
DA:113,1
DA:114,1
DA:115,1
DA:116,1
LF:62
LH:62
end_of_record
SF:lib\data\models\movie\movie_model.dart
DA:5,4
DA:35,4
DA:36,2
DA:37,2
DA:38,8
DA:39,2
DA:40,2
DA:41,2
DA:42,4
DA:43,2
DA:44,2
DA:45,2
DA:46,2
DA:47,4
DA:48,2
DA:51,2
DA:52,1
DA:53,1
DA:54,4
DA:55,1
DA:56,1
DA:57,1
DA:58,1
DA:59,1
DA:60,1
DA:61,1
DA:62,1
DA:63,1
DA:64,1
DA:67,2
DA:68,2
DA:69,2
DA:70,2
DA:71,2
DA:72,2
DA:73,2
DA:74,2
DA:75,2
DA:76,2
DA:77,2
DA:78,2
DA:79,2
DA:80,2
DA:81,2
DA:85,2
DA:86,2
DA:87,2
DA:88,2
DA:89,2
DA:90,2
DA:91,2
DA:92,2
DA:93,2
DA:94,2
DA:95,2
DA:96,2
DA:97,2
DA:98,2
DA:99,2
LF:59
LH:59
end_of_record
SF:lib\styles\text_styles.dart
DA:5,4
DA:6,2
DA:7,24
DA:11,0
DA:12,0
DA:13,0
LF:6
LH:3
end_of_record
SF:lib\utils\utils.dart
DA:4,0
LF:1
LH:0
end_of_record
SF:lib\data\datasources\tv\tv_local_data_source.dart
DA:13,1
DA:15,1
DA:17,2
DA:19,1
DA:25,1
DA:27,2
DA:28,4
DA:31,1
DA:34,2
DA:37,2
DA:41,1
DA:44,2
DA:47,2
LF:13
LH:13
end_of_record
SF:lib\data\datasources\tv\tv_remote_data_source.dart
DA:18,1
DA:20,1
DA:23,4
DA:24,2
DA:25,4
DA:27,1
DA:31,1
DA:33,4
DA:34,2
DA:35,3
DA:37,1
DA:41,1
DA:43,1
DA:44,3
DA:45,2
DA:46,4
DA:48,1
DA:52,1
DA:55,4
DA:57,2
DA:58,4
DA:60,1
DA:64,1
DA:67,4
DA:69,2
DA:70,4
DA:72,1
DA:76,1
DA:78,1
DA:79,3
DA:81,2
DA:82,4
DA:84,1
LF:33
LH:33
end_of_record
SF:lib\data\models\created_by_model.dart
DA:4,2
DA:18,2
DA:19,1
DA:20,1
DA:21,1
DA:22,1
DA:23,1
DA:26,1
DA:27,1
DA:28,1
DA:29,1
DA:30,1
DA:31,1
DA:32,1
LF:14
LH:14
end_of_record
SF:lib\data\models\genre_model.dart
DA:5,4
DA:13,4
DA:14,2
DA:15,2
DA:18,2
DA:19,6
DA:22,2
DA:23,6
LF:8
LH:8
end_of_record
SF:lib\data\models\last_episode_to_air_model.dart
DA:5,2
DA:31,1
DA:32,1
DA:33,1
DA:34,1
DA:35,1
DA:36,1
DA:37,1
DA:38,1
DA:39,1
DA:40,1
DA:41,1
DA:42,1
DA:43,1
DA:46,1
DA:47,1
DA:48,1
DA:49,1
DA:50,1
DA:51,1
DA:52,1
DA:53,1
DA:54,1
DA:55,1
DA:56,1
DA:60,1
DA:61,1
DA:62,1
DA:63,1
DA:64,1
DA:65,1
DA:66,1
DA:67,1
DA:68,1
DA:69,1
DA:70,1
DA:71,1
DA:72,1
LF:38
LH:38
end_of_record
SF:lib\data\models\season_model.dart
DA:5,2
DA:23,2
DA:24,1
DA:25,1
DA:26,1
DA:27,1
DA:28,1
DA:29,1
DA:30,1
DA:33,1
DA:34,1
DA:35,1
DA:36,1
DA:37,1
DA:38,1
DA:39,1
DA:40,1
DA:41,1
DA:45,1
DA:46,1
DA:47,1
DA:48,1
DA:49,1
DA:50,1
DA:51,1
DA:52,1
DA:53,1
LF:27
LH:27
end_of_record
SF:lib\data\models\movie\movie_response.dart
DA:7,2
DA:9,4
DA:10,4
DA:11,6
DA:12,6
DA:15,2
DA:16,5
DA:19,1
DA:20,2
LF:9
LH:9
end_of_record
SF:lib\data\models\tv\tv_detail_model.dart
DA:9,2
DA:73,1
DA:74,1
DA:75,1
DA:76,1
DA:77,4
DA:79,4
DA:80,1
DA:81,1
DA:82,4
DA:83,1
DA:84,1
DA:85,1
DA:86,4
DA:87,1
DA:89,2
DA:90,1
DA:91,1
DA:92,4
DA:93,1
DA:94,1
DA:95,4
DA:96,1
DA:97,1
DA:98,1
DA:99,2
DA:100,1
DA:102,4
DA:104,4
DA:105,1
DA:106,4
DA:107,1
DA:108,1
DA:109,1
DA:110,1
DA:111,1
DA:114,1
DA:115,1
DA:116,1
DA:117,2
DA:118,1
DA:119,1
DA:120,1
DA:121,1
DA:122,1
DA:123,1
DA:124,1
DA:125,5
DA:126,5
DA:127,1
DA:128,1
DA:129,1
DA:130,1
DA:131,1
DA:132,1
DA:136,1
DA:137,1
DA:138,1
DA:139,1
DA:140,1
DA:141,1
DA:142,1
DA:143,1
DA:144,1
DA:145,1
DA:146,1
DA:147,1
DA:148,1
DA:149,1
DA:150,1
DA:151,1
DA:152,1
DA:153,1
DA:154,1
DA:155,1
DA:156,1
DA:157,1
DA:158,1
DA:159,1
DA:160,1
DA:161,1
DA:162,1
DA:163,1
DA:164,1
DA:165,1
DA:166,1
DA:167,1
LF:87
LH:87
end_of_record
SF:lib\data\models\tv\tv_model.dart
DA:5,4
DA:35,4
DA:36,2
DA:37,4
DA:38,2
DA:39,2
DA:40,4
DA:41,2
DA:42,2
DA:43,8
DA:44,8
DA:45,2
DA:46,2
DA:47,2
DA:48,2
DA:51,2
DA:52,1
DA:53,1
DA:54,1
DA:55,1
DA:56,1
DA:57,1
DA:58,1
DA:59,4
DA:60,4
DA:61,1
DA:62,1
DA:63,1
DA:64,1
DA:67,2
DA:68,2
DA:69,2
DA:70,2
DA:71,2
DA:72,2
DA:73,2
DA:74,2
DA:75,2
DA:76,2
DA:77,2
DA:78,2
DA:79,2
DA:80,2
DA:81,2
DA:85,2
DA:86,2
DA:87,2
DA:88,2
DA:89,2
DA:90,2
DA:91,2
DA:92,2
DA:93,2
DA:94,2
DA:95,2
DA:96,2
DA:97,2
DA:98,2
DA:99,2
LF:59
LH:59
end_of_record
SF:lib\data\models\tv\tv_response.dart
DA:7,2
DA:9,4
DA:10,4
DA:11,6
DA:12,6
DA:14,1
DA:15,6
DA:17,1
DA:18,2
LF:9
LH:9
end_of_record
SF:lib\data\models\tv\tv_table.dart
DA:11,2
DA:18,2
DA:19,1
DA:20,1
DA:21,1
DA:22,1
DA:25,2
DA:26,1
DA:27,1
DA:28,1
DA:29,1
DA:32,0
DA:33,0
DA:34,0
DA:35,0
DA:36,0
DA:39,2
DA:40,1
DA:41,1
DA:42,1
DA:43,1
DA:46,2
DA:47,10
LF:23
LH:18
end_of_record
SF:lib\data\repositories\movie_repository_impl.dart
DA:10,1
DA:15,1
DA:18,2
DA:19,5
DA:20,1
DA:21,2
DA:22,1
DA:23,2
DA:27,1
DA:30,2
DA:31,2
DA:32,1
DA:33,2
DA:34,1
DA:35,2
DA:39,1
DA:42,2
DA:43,3
DA:44,1
DA:45,2
DA:46,1
DA:47,2
DA:51,1
DA:54,2
DA:55,5
DA:56,1
DA:57,2
DA:58,1
DA:59,2
DA:63,1
DA:66,2
DA:67,5
DA:68,1
DA:69,2
DA:70,1
DA:71,2
DA:75,1
DA:78,2
DA:79,5
DA:80,1
DA:81,2
DA:82,1
DA:83,2
DA:87,1
DA:90,1
DA:91,2
DA:92,1
DA:93,1
DA:94,3
DA:100,1
DA:103,1
DA:104,2
DA:105,1
DA:106,1
DA:107,3
DA:111,1
DA:113,2
DA:117,1
DA:119,2
DA:120,5
LF:60
LH:60
end_of_record
SF:lib\data\repositories\tv_repository_impl.dart
DA:10,1
DA:15,1
DA:18,2
DA:19,5
DA:20,1
DA:21,2
DA:22,1
DA:23,2
DA:27,1
DA:30,2
DA:31,5
DA:32,1
DA:33,2
DA:34,1
DA:35,2
DA:39,1
DA:42,2
DA:43,5
DA:44,1
DA:45,2
DA:46,1
DA:47,2
DA:51,1
DA:54,2
DA:55,2
DA:56,1
DA:57,2
DA:58,1
DA:59,2
DA:63,1
DA:66,2
DA:67,3
DA:68,1
DA:69,2
DA:70,1
DA:71,2
DA:75,1
DA:77,2
DA:78,5
DA:81,1
DA:83,2
DA:87,1
DA:91,3
DA:92,1
DA:93,1
DA:94,3
DA:98,1
DA:102,3
DA:103,1
DA:104,1
DA:105,3
DA:111,1
DA:114,2
DA:115,5
DA:116,1
DA:117,2
DA:118,1
DA:119,2
LF:58
LH:58
end_of_record
SF:lib\domain\entities\last_episode_to_air.dart
DA:4,6
DA:26,1
DA:27,1
DA:28,1
DA:29,1
DA:30,1
DA:31,1
DA:32,1
DA:33,1
DA:34,1
DA:35,1
DA:36,1
LF:12
LH:12
end_of_record
SF:lib\domain\entities\season.dart
DA:4,6
DA:22,1
DA:23,1
DA:24,1
DA:25,1
DA:26,1
DA:27,1
DA:28,1
DA:29,1
DA:30,1
LF:10
LH:10
end_of_record
SF:lib\domain\entities\tv\tv.dart
DA:4,12
DA:20,2
DA:41,2
DA:42,2
DA:43,2
DA:44,2
DA:45,2
DA:46,2
DA:47,2
DA:48,2
DA:49,2
DA:50,2
DA:51,2
DA:52,2
DA:53,2
DA:54,2
DA:55,2
LF:17
LH:17
end_of_record
SF:lib\domain\entities\tv\tv_detail.dart
DA:5,6
DA:43,1
DA:44,1
DA:45,1
DA:46,1
DA:47,1
DA:48,1
DA:49,1
DA:50,1
DA:51,1
DA:52,1
DA:53,1
DA:54,1
DA:55,1
DA:56,1
DA:57,1
DA:58,1
DA:59,1
DA:60,1
DA:61,1
LF:20
LH:20
end_of_record
SF:lib\domain\usecases\movie\get_movie_detail.dart
DA:7,1
DA:9,1
DA:10,2
LF:3
LH:3
end_of_record
SF:lib\domain\usecases\movie\get_movie_recommendations.dart
DA:7,1
DA:9,1
DA:10,2
LF:3
LH:3
end_of_record
SF:lib\domain\usecases\movie\get_movie_watchlist_status.dart
DA:6,1
DA:8,1
DA:9,2
LF:3
LH:3
end_of_record
SF:lib\domain\usecases\movie\get_now_playing_movies.dart
DA:7,1
DA:9,1
DA:10,2
LF:3
LH:3
end_of_record
SF:lib\domain\usecases\movie\get_popular_movies.dart
DA:7,1
DA:9,1
DA:10,2
LF:3
LH:3
end_of_record
SF:lib\domain\usecases\movie\get_top_rated_movies.dart
DA:7,1
DA:9,1
DA:10,2
LF:3
LH:3
end_of_record
SF:lib\domain\usecases\movie\get_watchlist_movies.dart
DA:7,1
DA:9,1
DA:10,2
LF:3
LH:3
end_of_record
SF:lib\domain\usecases\movie\remove_movie_watchlist.dart
DA:7,1
DA:9,1
DA:10,2
LF:3
LH:3
end_of_record
SF:lib\domain\usecases\movie\save_movie_watchlist.dart
DA:7,1
DA:9,1
DA:10,2
LF:3
LH:3
end_of_record
SF:lib\domain\usecases\tv\get_now_playing_tv.dart
DA:7,1
DA:9,1
DA:10,2
LF:3
LH:3
end_of_record
SF:lib\domain\usecases\tv\get_popular_tv.dart
DA:7,1
DA:9,1
DA:10,2
LF:3
LH:3
end_of_record
SF:lib\domain\usecases\tv\get_top_rated_tv.dart
DA:7,1
DA:9,1
DA:10,2
LF:3
LH:3
end_of_record
SF:lib\domain\usecases\tv\get_tv_detail.dart
DA:7,1
DA:9,1
DA:10,2
LF:3
LH:3
end_of_record
SF:lib\domain\usecases\tv\get_tv_recommendations.dart
DA:7,1
DA:9,1
DA:10,2
LF:3
LH:3
end_of_record
SF:lib\domain\usecases\tv\get_tv_watchlist_status.dart
DA:6,1
DA:8,1
DA:9,2
LF:3
LH:3
end_of_record
SF:lib\domain\usecases\tv\get_watchlist_tv.dart
DA:7,1
DA:9,1
DA:10,2
LF:3
LH:3
end_of_record
SF:lib\domain\usecases\tv\remove_tv_watchlist.dart
DA:7,1
DA:9,1
DA:10,2
LF:3
LH:3
end_of_record
SF:lib\domain\usecases\tv\save_tv_watchlist.dart
DA:7,1
DA:9,1
DA:10,2
LF:3
LH:3
end_of_record
SF:lib\presentation\pages\movie\home_movie_page.dart
DA:9,0
DA:10,0
DA:14,0
DA:16,0
DA:17,0
DA:18,0
DA:19,0
DA:20,0
DA:21,0
DA:24,0
DA:26,0
DA:27,0
DA:28,0
DA:29,0
DA:30,0
DA:31,0
DA:32,0
DA:34,0
DA:35,0
DA:37,0
DA:38,0
DA:39,0
DA:40,0
DA:41,0
DA:44,0
DA:45,0
DA:46,0
DA:47,0
DA:48,0
DA:51,0
DA:52,0
DA:53,0
DA:54,0
DA:55,0
DA:58,0
DA:59,0
DA:60,0
DA:62,0
DA:63,0
DA:68,0
DA:69,0
DA:70,0
DA:71,0
DA:72,0
DA:73,0
DA:74,0
DA:76,0
DA:80,0
DA:82,0
DA:83,0
DA:85,0
DA:86,0
DA:88,0
DA:89,0
DA:91,0
DA:98,0
DA:101,0
DA:104,0
DA:105,0
DA:106,0
DA:107,0
DA:108,0
DA:110,0
DA:111,0
DA:113,0
DA:116,0
DA:119,0
DA:120,0
DA:122,0
DA:123,0
DA:124,0
DA:125,0
DA:126,0
DA:128,0
DA:129,0
DA:131,0
DA:134,0
DA:137,0
DA:138,0
DA:140,0
DA:141,0
DA:142,0
DA:143,0
DA:144,0
DA:146,0
DA:147,0
DA:149,0
DA:159,0
DA:164,0
DA:166,0
DA:167,0
DA:169,0
DA:171,0
DA:173,0
DA:174,0
DA:176,0
DA:177,0
DA:189,0
DA:191,0
DA:193,0
DA:195,0
DA:197,0
DA:198,0
DA:199,0
DA:201,0
DA:202,0
DA:203,0
DA:206,0
DA:209,0
DA:210,0
DA:211,0
DA:212,0
DA:213,0
DA:214,0
DA:221,0
LF:115
LH:0
end_of_record
SF:lib\presentation\pages\movie\movie_detail_page.dart
DA:11,1
DA:13,1
DA:14,1
DA:18,1
DA:20,1
DA:21,2
DA:22,2
DA:23,3
DA:24,2
DA:25,3
DA:29,1
DA:31,1
DA:32,1
DA:33,1
DA:34,2
DA:35,1
DA:36,1
DA:38,2
DA:39,1
DA:40,1
DA:41,1
DA:43,1
DA:44,1
DA:48,2
DA:61,1
DA:63,1
DA:65,3
DA:66,1
DA:67,1
DA:68,1
DA:69,3
DA:71,2
DA:72,1
DA:75,1
DA:77,1
DA:78,1
DA:79,1
DA:80,1
DA:82,2
DA:89,1
DA:90,1
DA:91,1
DA:93,1
DA:95,1
DA:97,1
DA:98,1
DA:99,2
DA:100,1
DA:102,1
DA:103,1
DA:104,1
DA:105,1
DA:108,2
DA:110,1
DA:113,2
DA:117,1
DA:119,1
DA:121,1
DA:124,1
DA:127,1
DA:128,2
DA:129,1
DA:130,1
DA:133,1
DA:135,1
DA:136,1
DA:137,1
DA:142,1
DA:144,1
DA:145,1
DA:146,1
DA:147,1
DA:148,1
DA:152,1
DA:153,3
DA:155,1
DA:156,3
DA:158,1
DA:159,1
DA:160,1
DA:161,3
DA:163,2
DA:169,4
DA:172,1
DA:173,1
DA:175,1
DA:177,1
DA:178,2
DA:180,1
DA:181,1
DA:183,1
DA:185,1
DA:186,1
DA:187,2
DA:189,1
DA:190,1
DA:192,2
DA:194,2
DA:195,2
DA:197,1
DA:199,1
DA:201,1
DA:202,2
DA:203,1
DA:204,2
DA:206,1
DA:207,0
DA:208,0
DA:211,0
DA:214,1
DA:215,1
DA:216,1
DA:218,1
DA:220,2
DA:221,1
DA:222,1
DA:224,1
DA:231,2
DA:235,1
DA:243,1
DA:245,1
DA:258,1
DA:260,1
DA:263,1
DA:264,1
DA:265,0
DA:266,0
DA:275,1
DA:277,2
DA:278,3
DA:281,1
DA:285,3
DA:288,1
DA:289,1
DA:290,1
DA:292,1
DA:293,1
DA:295,0
LF:138
LH:132
end_of_record
SF:lib\presentation\pages\movie\now_playing_movies_page.dart
DA:8,1
DA:9,1
DA:13,1
DA:15,1
DA:16,2
DA:17,2
DA:18,1
DA:21,1
DA:23,1
DA:24,1
DA:25,1
DA:27,1
DA:29,1
DA:30,1
DA:31,2
DA:32,1
DA:33,1
DA:35,2
DA:36,1
DA:37,1
DA:38,2
DA:39,1
DA:41,2
DA:44,1
DA:45,1
DA:46,2
LF:26
LH:26
end_of_record
SF:lib\presentation\pages\movie\popular_movies_page.dart
DA:8,1
DA:9,1
DA:13,1
DA:15,1
DA:16,2
DA:17,2
DA:18,1
DA:21,1
DA:23,1
DA:24,1
DA:25,1
DA:27,1
DA:29,1
DA:30,1
DA:31,2
DA:32,1
DA:33,1
DA:35,2
DA:36,1
DA:37,1
DA:38,2
DA:39,1
DA:41,2
DA:44,1
DA:45,1
DA:46,2
LF:26
LH:26
end_of_record
SF:lib\presentation\pages\movie\top_rated_movies_page.dart
DA:8,1
DA:9,1
DA:13,1
DA:15,1
DA:16,2
DA:17,2
DA:18,1
DA:21,1
DA:23,1
DA:24,1
DA:25,1
DA:27,1
DA:29,1
DA:30,1
DA:31,2
DA:32,1
DA:33,1
DA:35,2
DA:36,1
DA:37,1
DA:38,2
DA:39,1
DA:41,2
DA:44,1
DA:45,1
DA:46,2
LF:26
LH:26
end_of_record
SF:lib\presentation\pages\movie\watchlist_movies_page.dart
DA:6,0
DA:7,0
DA:12,0
DA:14,0
DA:15,0
DA:16,0
DA:17,0
DA:20,0
DA:22,0
DA:23,0
DA:26,0
DA:27,0
DA:28,0
DA:31,0
DA:33,0
DA:34,0
DA:35,0
DA:37,0
DA:39,0
DA:40,0
DA:41,0
DA:42,0
DA:43,0
DA:45,0
DA:46,0
DA:47,0
DA:48,0
DA:49,0
DA:51,0
DA:54,0
DA:55,0
DA:56,0
DA:65,0
DA:67,0
DA:68,0
LF:35
LH:0
end_of_record
SF:lib\presentation\pages\tv\home_tv_page.dart
DA:11,0
DA:12,0
DA:16,0
DA:18,0
DA:19,0
DA:20,0
DA:21,0
DA:22,0
DA:25,0
DA:27,0
DA:28,0
DA:29,0
DA:30,0
DA:31,0
DA:32,0
DA:33,0
DA:35,0
DA:36,0
DA:38,0
DA:39,0
DA:40,0
DA:41,0
DA:42,0
DA:44,0
DA:45,0
DA:50,0
DA:51,0
DA:52,0
DA:53,0
DA:54,0
DA:57,0
DA:58,0
DA:59,0
DA:60,0
DA:61,0
DA:64,0
DA:65,0
DA:66,0
DA:67,0
DA:68,0
DA:74,0
DA:75,0
DA:76,0
DA:77,0
DA:78,0
DA:79,0
DA:81,0
DA:85,0
DA:87,0
DA:88,0
DA:90,0
DA:91,0
DA:93,0
DA:94,0
DA:96,0
DA:103,0
DA:106,0
DA:107,0
DA:109,0
DA:110,0
DA:111,0
DA:112,0
DA:113,0
DA:114,0
DA:116,0
DA:117,0
DA:119,0
DA:123,0
DA:126,0
DA:127,0
DA:129,0
DA:130,0
DA:131,0
DA:132,0
DA:133,0
DA:134,0
DA:136,0
DA:137,0
DA:139,0
DA:143,0
DA:146,0
DA:147,0
DA:149,0
DA:150,0
DA:151,0
DA:152,0
DA:153,0
DA:154,0
DA:156,0
DA:157,0
DA:159,0
DA:170,0
DA:175,0
DA:177,0
DA:178,0
DA:180,0
DA:182,0
DA:184,0
DA:185,0
DA:187,0
DA:188,0
DA:200,0
DA:202,0
DA:204,0
DA:206,0
DA:208,0
DA:209,0
DA:210,0
DA:212,0
DA:213,0
DA:214,0
DA:217,0
DA:220,0
DA:221,0
DA:222,0
DA:224,0
DA:225,0
DA:226,0
DA:227,0
DA:234,0
LF:120
LH:0
end_of_record
SF:lib\presentation\pages\tv\now_playing_tv_page.dart
DA:8,1
DA:9,1
DA:13,1
DA:15,1
DA:16,2
DA:17,2
DA:18,1
DA:21,1
DA:23,1
DA:24,1
DA:25,1
DA:27,1
DA:29,1
DA:30,1
DA:31,2
DA:32,1
DA:33,1
DA:35,2
DA:36,1
DA:37,1
DA:38,2
DA:39,1
DA:41,2
DA:44,1
DA:45,1
DA:46,2
LF:26
LH:26
end_of_record
SF:lib\presentation\pages\tv\popular_tv_page.dart
DA:8,1
DA:9,1
DA:13,1
DA:15,1
DA:16,2
DA:17,2
DA:18,1
DA:21,1
DA:23,1
DA:24,1
DA:25,1
DA:27,1
DA:29,1
DA:30,1
DA:31,2
DA:32,1
DA:33,1
DA:35,2
DA:36,1
DA:37,1
DA:38,2
DA:39,1
DA:41,2
DA:44,1
DA:45,1
DA:46,2
LF:26
LH:26
end_of_record
SF:lib\presentation\pages\tv\top_rated_tv_page.dart
DA:8,1
DA:9,1
DA:13,1
DA:15,1
DA:16,2
DA:17,2
DA:18,1
DA:21,1
DA:23,1
DA:24,1
DA:25,1
DA:27,1
DA:29,1
DA:30,1
DA:31,2
DA:32,1
DA:33,1
DA:35,2
DA:36,1
DA:37,1
DA:38,2
DA:39,1
DA:41,2
DA:44,1
DA:45,1
DA:46,2
LF:26
LH:26
end_of_record
SF:lib\presentation\pages\tv\tv_detail_page.dart
DA:11,1
DA:13,1
DA:14,1
DA:18,1
DA:20,1
DA:21,2
DA:22,2
DA:23,3
DA:24,2
DA:25,3
DA:29,1
DA:31,1
DA:32,1
DA:33,1
DA:34,2
DA:35,1
DA:36,1
DA:38,2
DA:39,1
DA:40,1
DA:41,1
DA:43,1
DA:44,1
DA:48,2
DA:61,1
DA:63,1
DA:65,3
DA:66,1
DA:67,1
DA:68,1
DA:69,3
DA:71,2
DA:72,1
DA:75,1
DA:77,1
DA:78,1
DA:79,1
DA:80,1
DA:82,2
DA:89,2
DA:90,1
DA:92,1
DA:94,1
DA:96,1
DA:97,1
DA:98,2
DA:99,1
DA:101,1
DA:102,1
DA:103,1
DA:104,1
DA:106,2
DA:108,1
DA:110,2
DA:113,1
DA:116,1
DA:118,1
DA:121,1
DA:124,1
DA:125,2
DA:126,1
DA:127,1
DA:130,1
DA:132,1
DA:133,1
DA:134,1
DA:140,1
DA:142,1
DA:143,1
DA:144,1
DA:145,1
DA:146,1
DA:150,1
DA:151,3
DA:153,1
DA:154,1
DA:155,1
DA:156,1
DA:157,4
DA:158,1
DA:164,1
DA:165,1
DA:166,1
DA:167,1
DA:168,3
DA:169,1
DA:175,1
DA:176,1
DA:177,1
DA:178,1
DA:179,7
DA:180,1
DA:186,1
DA:187,1
DA:188,1
DA:189,3
DA:191,2
DA:197,4
DA:200,1
DA:203,1
DA:205,1
DA:207,1
DA:208,2
DA:210,1
DA:213,1
DA:215,1
DA:217,1
DA:218,1
DA:219,2
DA:221,1
DA:222,1
DA:224,2
DA:226,2
DA:227,2
DA:229,1
DA:231,1
DA:233,1
DA:234,2
DA:235,1
DA:236,2
DA:238,1
DA:239,0
DA:240,0
DA:243,0
DA:246,1
DA:247,1
DA:248,1
DA:250,1
DA:252,2
DA:253,1
DA:254,1
DA:256,1
DA:263,2
DA:267,1
DA:275,1
DA:277,1
DA:289,1
DA:291,1
DA:294,1
DA:295,0
DA:296,0
DA:298,1
DA:306,1
DA:308,2
DA:309,3
DA:312,1
DA:316,3
LF:147
LH:142
end_of_record
SF:lib\presentation\pages\tv\watchlist_tv_page.dart
DA:6,0
DA:7,0
DA:11,0
DA:13,0
DA:14,0
DA:15,0
DA:16,0
DA:19,0
DA:21,0
DA:22,0
DA:25,0
DA:26,0
DA:29,0
DA:31,0
DA:32,0
DA:33,0
DA:35,0
DA:37,0
DA:38,0
DA:39,0
DA:40,0
DA:41,0
DA:43,0
DA:44,0
DA:45,0
DA:46,0
DA:47,0
DA:49,0
DA:52,0
DA:53,0
DA:54,0
DA:63,0
DA:65,0
DA:66,0
LF:34
LH:0
end_of_record
SF:lib\presentation\pages\watchlist_page.dart
DA:8,0
DA:9,0
DA:13,0
DA:15,0
DA:16,0
DA:17,0
DA:18,0
DA:19,0
DA:20,0
DA:34,0
DA:35,0
DA:36,0
DA:39,0
DA:40,0
DA:41,0
DA:42,0
DA:43,0
DA:44,0
DA:50,0
DA:51,0
DA:52,0
LF:21
LH:0
end_of_record
SF:lib\presentation\provider\movie\movie_detail_notifier.dart
DA:15,1
DA:24,2
DA:27,2
DA:30,2
DA:33,2
DA:36,2
DA:39,2
DA:41,1
DA:42,1
DA:43,1
DA:44,2
DA:45,2
DA:46,1
DA:47,1
DA:48,1
DA:49,2
DA:50,1
DA:52,1
DA:53,1
DA:54,1
DA:55,1
DA:56,1
DA:57,1
DA:58,1
DA:59,2
DA:61,1
DA:62,1
DA:63,1
DA:66,1
DA:67,1
DA:73,2
DA:75,1
DA:76,2
DA:78,1
DA:79,1
DA:80,2
DA:82,1
DA:83,1
DA:87,2
DA:90,1
DA:91,2
DA:93,1
DA:94,1
DA:95,2
DA:97,1
DA:98,1
DA:102,2
DA:105,1
DA:106,2
DA:107,1
DA:108,1
LF:51
LH:51
end_of_record
SF:lib\presentation\provider\movie\movie_list_notifier.dart
DA:6,2
DA:9,2
DA:12,2
DA:15,2
DA:18,2
DA:21,2
DA:24,2
DA:26,1
DA:36,1
DA:37,1
DA:38,1
DA:40,2
DA:41,1
DA:42,1
DA:43,1
DA:44,2
DA:45,1
DA:47,1
DA:48,1
DA:49,1
DA:50,1
DA:55,1
DA:56,1
DA:57,1
DA:59,2
DA:60,1
DA:61,1
DA:62,1
DA:63,2
DA:64,1
DA:66,1
DA:67,1
DA:68,1
DA:69,1
DA:74,1
DA:75,1
DA:76,1
DA:78,2
DA:79,1
DA:80,1
DA:81,1
DA:82,2
DA:83,1
DA:85,1
DA:86,1
DA:87,1
DA:88,1
LF:47
LH:47
end_of_record
SF:lib\presentation\provider\movie\now_playing_movies_notifier.dart
DA:7,1
DA:10,2
DA:13,2
DA:16,2
DA:18,1
DA:19,1
DA:20,1
DA:22,2
DA:24,1
DA:25,1
DA:26,2
DA:27,1
DA:28,1
DA:30,1
DA:31,1
DA:32,1
DA:33,1
LF:17
LH:17
end_of_record
SF:lib\presentation\provider\movie\popular_movies_notifier.dart
DA:7,1
DA:10,2
DA:13,2
DA:16,2
DA:18,1
DA:19,1
DA:20,1
DA:22,2
DA:24,1
DA:25,1
DA:26,2
DA:27,1
DA:28,1
DA:30,1
DA:31,1
DA:32,1
DA:33,1
LF:17
LH:17
end_of_record
SF:lib\presentation\provider\movie\top_rated_movies_notifier.dart
DA:7,1
DA:10,2
DA:13,2
DA:16,2
DA:18,1
DA:19,1
DA:20,1
DA:22,2
DA:24,1
DA:25,1
DA:26,2
DA:27,1
DA:28,1
DA:30,1
DA:31,1
DA:32,1
DA:33,1
LF:17
LH:17
end_of_record
SF:lib\presentation\provider\movie\watchlist_movie_notifier.dart
DA:6,2
DA:9,2
DA:12,2
DA:14,1
DA:18,1
DA:19,1
DA:20,1
DA:22,2
DA:23,1
DA:24,1
DA:25,1
DA:26,2
DA:27,1
DA:29,1
DA:30,1
DA:31,1
DA:32,1
LF:17
LH:17
end_of_record
SF:lib\presentation\provider\tv\now_playing_tv_notifier.dart
DA:7,1
DA:10,2
DA:13,2
DA:16,2
DA:18,1
DA:19,1
DA:20,1
DA:22,2
DA:24,1
DA:25,1
DA:26,2
DA:27,1
DA:28,1
DA:30,1
DA:31,1
DA:32,1
DA:33,1
LF:17
LH:17
end_of_record
SF:lib\presentation\provider\tv\popular_tv_notifier.dart
DA:7,1
DA:10,2
DA:13,2
DA:16,2
DA:18,1
DA:19,1
DA:20,1
DA:22,2
DA:24,1
DA:25,1
DA:26,2
DA:27,1
DA:28,1
DA:30,1
DA:31,1
DA:32,1
DA:33,1
LF:17
LH:17
end_of_record
SF:lib\presentation\provider\tv\top_rated_tv_notifier.dart
DA:8,1
DA:11,2
DA:14,2
DA:17,2
DA:19,1
DA:20,1
DA:21,1
DA:23,2
DA:25,1
DA:26,1
DA:27,2
DA:28,1
DA:29,1
DA:31,1
DA:32,1
DA:33,1
DA:34,1
LF:17
LH:17
end_of_record
SF:lib\presentation\provider\tv\tv_detail_notifier.dart
DA:15,1
DA:24,2
DA:27,2
DA:30,2
DA:33,2
DA:36,2
DA:39,2
DA:41,1
DA:42,1
DA:43,1
DA:44,2
DA:45,2
DA:46,1
DA:47,1
DA:48,1
DA:49,2
DA:50,1
DA:52,1
DA:53,1
DA:54,1
DA:55,1
DA:56,1
DA:57,1
DA:58,1
DA:59,2
DA:61,1
DA:62,1
DA:63,1
DA:66,1
DA:67,1
DA:73,2
DA:75,1
DA:76,2
DA:78,1
DA:79,1
DA:80,2
DA:82,1
DA:83,1
DA:87,2
DA:90,1
DA:91,2
DA:93,1
DA:94,1
DA:95,2
DA:97,1
DA:98,1
DA:102,2
DA:105,1
DA:106,2
DA:107,1
DA:108,1
LF:51
LH:51
end_of_record
SF:lib\presentation\provider\tv\tv_list_notifier.dart
DA:6,2
DA:9,2
DA:12,2
DA:15,2
DA:18,2
DA:21,2
DA:24,2
DA:26,1
DA:36,1
DA:37,1
DA:38,1
DA:40,2
DA:41,1
DA:42,1
DA:43,1
DA:44,2
DA:45,1
DA:47,1
DA:48,1
DA:49,1
DA:50,1
DA:55,1
DA:56,1
DA:57,1
DA:59,2
DA:60,1
DA:61,1
DA:62,1
DA:63,2
DA:64,1
DA:66,1
DA:67,1
DA:68,1
DA:69,1
DA:74,1
DA:75,1
DA:76,1
DA:78,2
DA:79,1
DA:80,1
DA:81,1
DA:82,2
DA:83,1
DA:85,1
DA:86,1
DA:87,1
DA:88,1
LF:47
LH:47
end_of_record
SF:lib\presentation\provider\tv\watchlist_tv_notifier.dart
DA:7,2
DA:10,2
DA:13,2
DA:15,1
DA:19,1
DA:20,1
DA:21,1
DA:23,2
DA:24,1
DA:25,1
DA:26,1
DA:27,2
DA:28,1
DA:30,1
DA:31,1
DA:32,1
DA:33,1
LF:17
LH:17
end_of_record
SF:lib\presentation\provider\watchlist_navigation_bar_notifier.dart
DA:12,0
DA:13,0
DA:14,0
LF:3
LH:0
end_of_record
SF:lib\presentation\widgets\movie_card_list.dart
DA:9,3
DA:11,3
DA:13,3
DA:14,9
DA:16,3
DA:17,0
DA:18,0
DA:21,0
DA:24,3
DA:26,3
DA:27,3
DA:28,3
DA:34,3
DA:36,3
DA:37,3
DA:38,6
DA:41,3
DA:43,3
DA:44,3
DA:45,6
DA:53,3
DA:58,3
DA:59,3
DA:60,9
DA:62,6
DA:63,3
DA:66,6
LF:27
LH:24
end_of_record
SF:lib\presentation\widgets\tv_card_list.dart
DA:9,3
DA:11,3
DA:13,3
DA:14,9
DA:16,3
DA:17,0
DA:18,0
DA:21,0
DA:24,3
DA:26,3
DA:27,3
DA:28,3
DA:34,3
DA:36,3
DA:37,3
DA:38,6
DA:41,3
DA:43,3
DA:46,3
DA:47,6
DA:55,3
DA:60,3
DA:61,3
DA:62,9
DA:64,6
DA:65,3
DA:68,6
LF:27
LH:24
end_of_record
