SF:lib\presentation\pages\watchlist_page.dart
DA:6,0
DA:7,0
DA:11,0
DA:13,0
DA:14,0
DA:15,0
DA:16,0
DA:17,0
DA:18,0
DA:32,0
DA:33,0
DA:34,0
DA:37,0
DA:38,0
DA:39,0
DA:40,0
DA:41,0
DA:42,0
DA:48,0
DA:49,0
DA:50,0
LF:21
LH:0
end_of_record
SF:lib\presentation\provider\watchlist_navigation_bar_notifier.dart
DA:14,0
DA:15,0
DA:16,0
LF:3
LH:0
end_of_record
SF:lib\data\models\created_by_model.dart
DA:4,0
DA:18,0
DA:19,0
DA:20,0
DA:21,0
DA:22,0
DA:23,0
DA:26,0
DA:27,0
DA:28,0
DA:29,0
DA:30,0
DA:31,0
DA:32,0
LF:14
LH:0
end_of_record
SF:lib\data\models\genre_model.dart
DA:5,0
DA:13,0
DA:14,0
DA:15,0
DA:18,0
DA:19,0
DA:22,0
DA:23,0
LF:8
LH:0
end_of_record
SF:lib\data\models\last_episode_to_air_model.dart
DA:5,0
DA:31,0
DA:32,0
DA:33,0
DA:34,0
DA:35,0
DA:36,0
DA:37,0
DA:38,0
DA:39,0
DA:40,0
DA:41,0
DA:42,0
DA:43,0
DA:46,0
DA:47,0
DA:48,0
DA:49,0
DA:50,0
DA:51,0
DA:52,0
DA:53,0
DA:54,0
DA:55,0
DA:56,0
DA:60,0
DA:61,0
DA:62,0
DA:63,0
DA:64,0
DA:65,0
DA:66,0
DA:67,0
DA:68,0
DA:69,0
DA:70,0
DA:71,0
DA:72,0
LF:38
LH:0
end_of_record
SF:lib\data\models\season_model.dart
DA:5,0
DA:23,0
DA:24,0
DA:25,0
DA:26,0
DA:27,0
DA:28,0
DA:29,0
DA:30,0
DA:33,0
DA:34,0
DA:35,0
DA:36,0
DA:37,0
DA:38,0
DA:39,0
DA:40,0
DA:41,0
DA:45,0
DA:46,0
DA:47,0
DA:48,0
DA:49,0
DA:50,0
DA:51,0
DA:52,0
DA:53,0
LF:27
LH:0
end_of_record
SF:lib\styles\text_styles.dart
DA:5,0
DA:6,0
DA:7,0
DA:11,0
DA:12,0
DA:13,0
LF:6
LH:0
end_of_record
SF:lib\utils\exception.dart
DA:6,0
LF:1
LH:0
end_of_record
SF:lib\utils\failure.dart
DA:6,0
DA:8,0
DA:9,0
DA:13,0
DA:17,0
DA:21,0
LF:6
LH:0
end_of_record
SF:lib\utils\ssl_pinning.dart
DA:7,0
DA:8,0
DA:9,0
DA:10,0
DA:11,0
DA:12,0
DA:13,0
LF:7
LH:0
end_of_record
SF:lib\utils\utils.dart
DA:3,0
LF:1
LH:0
end_of_record
SF:lib\data\datasources\db\database_helper.dart
DA:10,0
DA:14,0
DA:18,0
DA:20,0
DA:28,0
DA:29,0
DA:30,0
DA:32,0
DA:36,0
DA:37,0
DA:44,0
DA:46,0
DA:53,0
DA:56,0
DA:57,0
DA:58,0
DA:61,0
DA:62,0
DA:63,0
DA:66,0
DA:67,0
DA:68,0
DA:71,0
DA:75,0
DA:76,0
DA:77,0
DA:80,0
DA:84,0
DA:85,0
DA:86,0
DA:89,0
DA:92,0
DA:93,0
DA:99,0
DA:100,0
DA:101,0
DA:104,0
DA:107,0
DA:108,0
DA:114,0
DA:115,0
DA:117,0
DA:122,0
DA:123,0
DA:125,0
LF:45
LH:0
end_of_record
SF:lib\domain\entities\genre.dart
DA:4,0
DA:12,0
DA:13,0
LF:3
LH:0
end_of_record
SF:lib\domain\entities\last_episode_to_air.dart
DA:4,0
DA:26,0
DA:27,0
DA:28,0
DA:29,0
DA:30,0
DA:31,0
DA:32,0
DA:33,0
DA:34,0
DA:35,0
DA:36,0
LF:12
LH:0
end_of_record
SF:lib\domain\entities\season.dart
DA:4,0
DA:22,0
DA:23,0
DA:24,0
DA:25,0
DA:26,0
DA:27,0
DA:28,0
DA:29,0
DA:30,0
LF:10
LH:0
end_of_record
