SF:lib\data\datasources\tv_local_data_source.dart
DA:14,1
DA:16,1
DA:18,2
DA:20,1
DA:26,1
DA:28,2
DA:29,4
DA:32,1
DA:35,2
DA:38,2
DA:42,1
DA:45,2
DA:48,2
LF:13
LH:13
end_of_record
SF:lib\data\models\tv_table.dart
DA:11,2
DA:18,2
DA:19,1
DA:20,1
DA:21,1
DA:22,1
DA:25,2
DA:26,1
DA:27,1
DA:28,1
DA:29,1
DA:32,0
DA:33,0
DA:34,0
DA:35,0
DA:36,0
DA:39,2
DA:40,1
DA:41,1
DA:42,1
DA:43,1
DA:46,2
DA:47,10
LF:23
LH:18
end_of_record
SF:lib\domain\entities\tv.dart
DA:4,12
DA:20,2
DA:41,2
DA:42,2
DA:43,2
DA:44,2
DA:45,2
DA:46,2
DA:47,2
DA:48,2
DA:49,2
DA:50,2
DA:51,2
DA:52,2
DA:53,2
DA:54,2
DA:55,2
LF:17
LH:17
end_of_record
SF:lib\domain\entities\tv_detail.dart
DA:5,6
DA:43,1
DA:44,1
DA:45,1
DA:46,1
DA:47,1
DA:48,1
DA:49,1
DA:50,1
DA:51,1
DA:52,1
DA:53,1
DA:54,1
DA:55,1
DA:56,1
DA:57,1
DA:58,1
DA:59,1
DA:60,1
DA:61,1
LF:20
LH:20
end_of_record
SF:lib\data\models\tv_detail_model.dart
DA:9,2
DA:73,1
DA:74,1
DA:75,1
DA:76,1
DA:77,4
DA:79,4
DA:80,1
DA:81,1
DA:82,4
DA:83,1
DA:84,1
DA:85,1
DA:86,4
DA:87,1
DA:89,2
DA:90,1
DA:91,1
DA:92,4
DA:93,1
DA:94,1
DA:95,4
DA:96,1
DA:97,1
DA:98,1
DA:99,2
DA:100,1
DA:102,4
DA:104,4
DA:105,1
DA:106,4
DA:107,1
DA:108,1
DA:109,1
DA:110,1
DA:111,1
DA:114,1
DA:115,1
DA:116,1
DA:117,2
DA:118,1
DA:119,1
DA:120,1
DA:121,1
DA:122,1
DA:123,1
DA:124,1
DA:125,5
DA:126,5
DA:127,1
DA:128,1
DA:129,1
DA:130,1
DA:131,1
DA:132,1
DA:136,0
DA:137,0
DA:138,0
DA:139,0
DA:140,0
DA:141,0
DA:142,0
DA:143,0
DA:144,0
DA:145,0
DA:146,0
DA:147,0
DA:148,0
DA:149,0
DA:150,0
DA:151,0
DA:152,0
DA:153,0
DA:154,0
DA:155,0
DA:156,0
DA:157,0
DA:158,0
DA:159,0
DA:160,0
DA:161,0
DA:162,0
DA:163,0
DA:164,0
DA:165,0
DA:166,0
DA:167,0
LF:87
LH:55
end_of_record
SF:lib\data\datasources\tv_remote_data_source.dart
DA:19,1
DA:21,1
DA:24,4
DA:25,0
DA:26,0
DA:28,0
DA:32,1
DA:34,4
DA:35,0
DA:36,0
DA:38,0
DA:42,1
DA:44,1
DA:45,3
DA:46,0
DA:47,0
DA:49,0
DA:53,1
DA:56,4
DA:58,0
DA:59,0
DA:61,0
DA:65,1
DA:68,4
DA:70,0
DA:71,0
DA:73,0
DA:77,1
DA:79,1
DA:80,3
DA:82,2
DA:83,4
DA:85,1
LF:33
LH:18
end_of_record
SF:lib\data\models\tv_model.dart
DA:5,4
DA:35,4
DA:36,2
DA:37,4
DA:38,2
DA:39,2
DA:40,4
DA:41,2
DA:42,2
DA:43,8
DA:44,8
DA:45,2
DA:46,2
DA:47,2
DA:48,2
DA:51,2
DA:52,1
DA:53,1
DA:54,1
DA:55,1
DA:56,1
DA:57,1
DA:58,1
DA:59,4
DA:60,4
DA:61,1
DA:62,1
DA:63,1
DA:64,1
DA:67,2
DA:68,2
DA:69,2
DA:70,2
DA:71,2
DA:72,2
DA:73,2
DA:74,2
DA:75,2
DA:76,2
DA:77,2
DA:78,2
DA:79,2
DA:80,2
DA:81,2
DA:85,2
DA:86,2
DA:87,2
DA:88,2
DA:89,2
DA:90,2
DA:91,2
DA:92,2
DA:93,2
DA:94,2
DA:95,2
DA:96,2
DA:97,2
DA:98,2
DA:99,2
LF:59
LH:59
end_of_record
SF:lib\data\models\tv_response.dart
DA:7,2
DA:9,4
DA:10,4
DA:11,6
DA:12,6
DA:14,1
DA:15,6
DA:17,1
DA:18,2
LF:9
LH:9
end_of_record
SF:lib\data\repositories\tv_repository_impl.dart
DA:11,1
DA:16,1
DA:19,2
DA:20,5
DA:21,1
DA:22,2
DA:23,1
DA:24,2
DA:28,1
DA:31,2
DA:32,5
DA:33,1
DA:34,2
DA:35,1
DA:36,2
DA:40,1
DA:43,2
DA:44,5
DA:45,1
DA:46,2
DA:47,1
DA:48,2
DA:52,1
DA:55,2
DA:56,2
DA:57,1
DA:58,2
DA:59,1
DA:60,2
DA:64,1
DA:67,2
DA:68,3
DA:69,1
DA:70,2
DA:71,1
DA:72,2
DA:76,1
DA:78,2
DA:79,5
DA:82,1
DA:84,2
DA:88,1
DA:92,3
DA:93,1
DA:94,1
DA:95,3
DA:99,1
DA:103,3
DA:104,1
DA:105,1
DA:106,3
DA:112,1
DA:115,2
DA:116,5
DA:117,1
DA:118,2
DA:119,1
DA:120,2
LF:58
LH:58
end_of_record
SF:lib\domain\usecases\get_now_playing_tv.dart
DA:8,1
DA:10,1
DA:11,2
LF:3
LH:3
end_of_record
SF:lib\domain\usecases\get_popular_tv.dart
DA:8,1
DA:10,1
DA:11,2
LF:3
LH:3
end_of_record
SF:lib\domain\usecases\get_top_rated_tv.dart
DA:8,1
DA:10,1
DA:11,2
LF:3
LH:3
end_of_record
SF:lib\domain\usecases\get_tv_detail.dart
DA:8,1
DA:10,1
DA:11,2
LF:3
LH:3
end_of_record
SF:lib\domain\usecases\get_tv_recommendations.dart
DA:8,1
DA:10,1
DA:11,2
LF:3
LH:3
end_of_record
SF:lib\domain\usecases\get_tv_watchlist_status.dart
DA:6,1
DA:8,1
DA:9,2
LF:3
LH:3
end_of_record
SF:lib\domain\usecases\get_watchlist_tv.dart
DA:8,1
DA:10,1
DA:11,2
LF:3
LH:3
end_of_record
SF:lib\domain\usecases\remove_tv_watchlist.dart
DA:8,1
DA:10,1
DA:11,2
LF:3
LH:3
end_of_record
SF:lib\domain\usecases\save_tv_watchlist.dart
DA:8,1
DA:10,1
DA:11,2
LF:3
LH:3
end_of_record
SF:lib\presentation\pages\home_tv_page.dart
DA:11,0
DA:12,0
DA:16,0
DA:18,0
DA:19,0
DA:20,0
DA:21,0
DA:22,0
DA:25,0
DA:27,0
DA:28,0
DA:29,0
DA:30,0
DA:31,0
DA:32,0
DA:33,0
DA:35,0
DA:36,0
DA:38,0
DA:39,0
DA:40,0
DA:41,0
DA:42,0
DA:44,0
DA:45,0
DA:50,0
DA:51,0
DA:52,0
DA:53,0
DA:54,0
DA:57,0
DA:58,0
DA:59,0
DA:60,0
DA:61,0
DA:64,0
DA:65,0
DA:66,0
DA:67,0
DA:68,0
DA:74,0
DA:75,0
DA:76,0
DA:77,0
DA:78,0
DA:79,0
DA:81,0
DA:85,0
DA:87,0
DA:88,0
DA:90,0
DA:91,0
DA:93,0
DA:94,0
DA:96,0
DA:103,0
DA:106,0
DA:108,0
DA:109,0
DA:110,0
DA:111,0
DA:112,0
DA:113,0
DA:115,0
DA:116,0
DA:118,0
DA:122,0
DA:125,0
DA:127,0
DA:128,0
DA:129,0
DA:130,0
DA:131,0
DA:132,0
DA:134,0
DA:135,0
DA:137,0
DA:141,0
DA:144,0
DA:146,0
DA:147,0
DA:148,0
DA:149,0
DA:150,0
DA:151,0
DA:153,0
DA:154,0
DA:156,0
DA:167,0
DA:172,0
DA:174,0
DA:175,0
DA:177,0
DA:179,0
DA:181,0
DA:182,0
DA:184,0
DA:185,0
DA:197,0
DA:199,0
DA:201,0
DA:203,0
DA:205,0
DA:206,0
DA:207,0
DA:209,0
DA:210,0
DA:211,0
DA:214,0
DA:217,0
DA:218,0
DA:219,0
DA:221,0
DA:222,0
DA:223,0
DA:224,0
DA:231,0
LF:117
LH:0
end_of_record
SF:lib\presentation\pages\now_playing_tv_page.dart
DA:7,1
DA:8,1
DA:12,1
DA:14,1
DA:15,2
DA:16,2
DA:17,1
DA:20,1
DA:22,1
DA:23,1
DA:24,1
DA:26,1
DA:28,1
DA:29,1
DA:30,2
DA:31,1
DA:32,1
DA:34,2
DA:35,1
DA:36,1
DA:37,2
DA:38,1
DA:40,2
DA:43,1
DA:44,1
DA:45,2
LF:26
LH:26
end_of_record
SF:lib\presentation\pages\popular_tv_page.dart
DA:7,1
DA:8,1
DA:12,1
DA:14,1
DA:15,2
DA:16,2
DA:17,1
DA:20,1
DA:22,1
DA:23,1
DA:24,1
DA:26,1
DA:28,1
DA:29,1
DA:30,2
DA:31,1
DA:32,1
DA:34,2
DA:35,1
DA:36,1
DA:37,2
DA:38,1
DA:40,2
DA:43,1
DA:44,1
DA:45,2
LF:26
LH:26
end_of_record
SF:lib\presentation\pages\top_rated_tv_page.dart
DA:7,1
DA:8,1
DA:12,1
DA:14,1
DA:15,2
DA:16,2
DA:17,1
DA:20,1
DA:22,1
DA:23,1
DA:24,1
DA:26,1
DA:28,1
DA:29,1
DA:30,2
DA:31,1
DA:32,1
DA:34,2
DA:35,1
DA:36,1
DA:37,2
DA:38,1
DA:40,2
DA:43,1
DA:44,1
DA:45,2
LF:26
LH:26
end_of_record
SF:lib\presentation\pages\tv_detail_page.dart
DA:10,1
DA:12,1
DA:13,1
DA:17,1
DA:19,1
DA:20,2
DA:21,2
DA:22,3
DA:23,2
DA:24,3
DA:28,1
DA:30,1
DA:31,1
DA:32,1
DA:33,2
DA:34,1
DA:35,1
DA:37,2
DA:38,1
DA:39,1
DA:40,1
DA:42,1
DA:43,1
DA:47,2
DA:60,1
DA:62,1
DA:64,3
DA:65,1
DA:66,1
DA:67,1
DA:68,3
DA:70,2
DA:71,1
DA:74,1
DA:76,1
DA:77,1
DA:78,1
DA:79,1
DA:81,2
DA:88,2
DA:89,1
DA:91,1
DA:93,1
DA:95,1
DA:96,1
DA:97,2
DA:98,1
DA:100,1
DA:101,1
DA:102,1
DA:103,1
DA:105,2
DA:107,1
DA:109,2
DA:112,1
DA:115,1
DA:117,1
DA:120,1
DA:123,1
DA:124,2
DA:125,1
DA:126,1
DA:129,1
DA:131,1
DA:132,1
DA:133,1
DA:139,1
DA:141,1
DA:142,1
DA:143,1
DA:144,1
DA:145,1
DA:149,1
DA:150,3
DA:152,1
DA:153,1
DA:154,1
DA:155,1
DA:156,4
DA:157,1
DA:163,1
DA:164,1
DA:165,1
DA:166,1
DA:167,3
DA:168,1
DA:174,1
DA:175,1
DA:176,1
DA:177,1
DA:178,7
DA:179,1
DA:185,1
DA:186,1
DA:187,1
DA:188,3
DA:190,2
DA:196,4
DA:199,1
DA:202,1
DA:204,1
DA:206,1
DA:207,2
DA:209,1
DA:212,1
DA:214,1
DA:216,1
DA:217,1
DA:218,2
DA:220,1
DA:221,1
DA:223,2
DA:225,2
DA:226,2
DA:228,1
DA:230,1
DA:232,1
DA:233,2
DA:234,1
DA:235,2
DA:237,1
DA:238,0
DA:239,0
DA:242,0
DA:245,1
DA:246,1
DA:247,1
DA:249,1
DA:251,2
DA:252,1
DA:253,1
DA:255,1
DA:262,2
DA:266,1
DA:274,1
DA:276,1
DA:288,1
DA:290,1
DA:293,1
DA:294,0
DA:295,0
DA:297,1
DA:305,1
DA:307,2
DA:308,3
DA:311,1
DA:315,3
LF:147
LH:142
end_of_record
SF:lib\presentation\pages\watchlist_tv_page.dart
DA:7,0
DA:8,0
DA:12,0
DA:14,0
DA:15,0
DA:16,0
DA:17,0
DA:20,0
DA:22,0
DA:23,0
DA:26,0
DA:27,0
DA:30,0
DA:32,0
DA:33,0
DA:34,0
DA:36,0
DA:38,0
DA:39,0
DA:40,0
DA:41,0
DA:42,0
DA:44,0
DA:45,0
DA:46,0
DA:47,0
DA:48,0
DA:50,0
DA:53,0
DA:54,0
DA:55,0
DA:64,0
DA:66,0
DA:67,0
LF:34
LH:0
end_of_record
SF:lib\presentation\provider\now_playing_tv_notifier.dart
DA:8,1
DA:11,2
DA:14,2
DA:17,2
DA:19,1
DA:20,1
DA:21,1
DA:23,2
DA:25,1
DA:26,1
DA:27,2
DA:28,1
DA:29,1
DA:31,1
DA:32,1
DA:33,1
DA:34,1
LF:17
LH:17
end_of_record
SF:lib\presentation\provider\popular_tv_notifier.dart
DA:8,1
DA:11,2
DA:14,2
DA:17,2
DA:19,1
DA:20,1
DA:21,1
DA:23,2
DA:25,1
DA:26,1
DA:27,2
DA:28,1
DA:29,1
DA:31,1
DA:32,1
DA:33,1
DA:34,1
LF:17
LH:17
end_of_record
SF:lib\presentation\provider\top_rated_tv_notifier.dart
DA:9,1
DA:12,2
DA:15,2
DA:18,2
DA:20,1
DA:21,1
DA:22,1
DA:24,2
DA:26,1
DA:27,1
DA:28,2
DA:29,1
DA:30,1
DA:32,1
DA:33,1
DA:34,1
DA:35,1
LF:17
LH:17
end_of_record
SF:lib\presentation\provider\tv_detail_notifier.dart
DA:16,1
DA:25,2
DA:28,2
DA:31,2
DA:34,2
DA:37,2
DA:40,2
DA:42,1
DA:43,1
DA:44,1
DA:45,2
DA:46,2
DA:47,1
DA:48,1
DA:49,1
DA:50,2
DA:51,1
DA:53,1
DA:54,1
DA:55,1
DA:56,1
DA:57,1
DA:58,1
DA:59,1
DA:60,2
DA:62,1
DA:63,1
DA:64,1
DA:67,1
DA:68,1
DA:74,2
DA:76,1
DA:77,2
DA:79,1
DA:80,1
DA:81,2
DA:83,1
DA:84,1
DA:88,2
DA:91,1
DA:92,2
DA:94,1
DA:95,1
DA:96,2
DA:98,1
DA:99,1
DA:103,2
DA:106,1
DA:107,2
DA:108,1
DA:109,1
LF:51
LH:51
end_of_record
SF:lib\presentation\provider\tv_list_notifier.dart
DA:7,2
DA:10,2
DA:13,2
DA:16,2
DA:19,2
DA:22,2
DA:25,2
DA:27,1
DA:37,1
DA:38,1
DA:39,1
DA:41,2
DA:42,1
DA:43,1
DA:44,1
DA:45,2
DA:46,1
DA:48,1
DA:49,1
DA:50,1
DA:51,1
DA:56,1
DA:57,1
DA:58,1
DA:60,2
DA:61,1
DA:62,1
DA:63,1
DA:64,2
DA:65,1
DA:67,1
DA:68,1
DA:69,1
DA:70,1
DA:75,1
DA:76,1
DA:77,1
DA:79,2
DA:80,1
DA:81,1
DA:82,1
DA:83,2
DA:84,1
DA:86,1
DA:87,1
DA:88,1
DA:89,1
LF:47
LH:47
end_of_record
SF:lib\presentation\provider\watchlist_tv_notifier.dart
DA:8,2
DA:11,2
DA:14,2
DA:16,1
DA:20,1
DA:21,1
DA:22,1
DA:24,2
DA:25,1
DA:26,1
DA:27,1
DA:28,2
DA:29,1
DA:31,1
DA:32,1
DA:33,1
DA:34,1
LF:17
LH:17
end_of_record
SF:lib\presentation\widgets\tv_card_list.dart
DA:10,3
DA:12,3
DA:14,3
DA:15,9
DA:17,3
DA:18,0
DA:19,0
DA:22,0
DA:25,3
DA:27,3
DA:28,3
DA:29,3
DA:35,3
DA:37,3
DA:38,3
DA:39,6
DA:42,3
DA:44,3
DA:47,3
DA:48,6
DA:56,3
DA:61,3
DA:62,3
DA:63,9
DA:65,6
DA:66,3
DA:69,6
LF:27
LH:24
end_of_record
