SF:lib\data\datasources\tv_local_data_source.dart
DA:14,1
DA:16,1
DA:18,2
DA:20,1
DA:26,1
DA:28,2
DA:29,4
DA:32,1
DA:35,2
DA:38,2
DA:42,1
DA:45,2
DA:48,2
LF:13
LH:13
end_of_record
SF:lib\data\models\tv_table.dart
DA:11,2
DA:18,2
DA:19,1
DA:20,1
DA:21,1
DA:22,1
DA:25,2
DA:26,1
DA:27,1
DA:28,1
DA:29,1
DA:32,0
DA:33,0
DA:34,0
DA:35,0
DA:36,0
DA:39,2
DA:40,1
DA:41,1
DA:42,1
DA:43,1
DA:46,2
DA:47,10
LF:23
LH:18
end_of_record
SF:lib\domain\entities\tv.dart
DA:4,15
DA:20,1
DA:41,7
DA:42,7
DA:43,7
DA:44,7
DA:45,7
DA:46,7
DA:47,7
DA:48,7
DA:49,7
DA:50,7
DA:51,7
DA:52,7
DA:53,7
DA:54,7
DA:55,7
LF:17
LH:17
end_of_record
SF:lib\domain\entities\tv_detail.dart
DA:6,12
DA:44,2
DA:45,2
DA:46,2
DA:47,2
DA:48,2
DA:49,2
DA:50,2
DA:51,2
DA:52,2
DA:53,2
DA:54,2
DA:55,2
DA:56,2
DA:57,2
DA:58,2
DA:59,2
DA:60,2
DA:61,2
DA:62,2
LF:20
LH:20
end_of_record
SF:lib\data\models\tv_detail_model.dart
DA:10,2
DA:74,1
DA:75,1
DA:76,1
DA:77,1
DA:78,4
DA:80,4
DA:81,1
DA:82,1
DA:83,4
DA:84,1
DA:85,1
DA:86,1
DA:87,4
DA:88,1
DA:90,2
DA:91,1
DA:92,1
DA:93,4
DA:94,1
DA:95,1
DA:96,4
DA:97,1
DA:98,1
DA:99,1
DA:100,2
DA:101,1
DA:103,4
DA:105,4
DA:106,1
DA:107,4
DA:108,1
DA:109,1
DA:110,1
DA:111,1
DA:112,1
DA:115,1
DA:116,1
DA:117,1
DA:118,1
DA:119,1
DA:120,1
DA:121,1
DA:122,1
DA:123,1
DA:124,1
DA:125,1
DA:126,5
DA:127,1
DA:128,1
DA:129,1
DA:130,1
DA:131,1
DA:132,1
DA:133,1
DA:137,1
DA:138,1
DA:139,1
DA:140,1
DA:141,1
DA:142,1
DA:143,1
DA:144,1
DA:145,1
DA:146,1
DA:147,1
DA:148,1
DA:149,1
DA:150,1
DA:151,1
DA:152,1
DA:153,1
DA:154,1
DA:155,1
DA:156,1
DA:157,1
DA:158,1
DA:159,1
DA:160,1
DA:161,1
DA:162,1
DA:163,1
DA:164,1
DA:165,1
DA:166,1
DA:167,1
DA:168,1
LF:87
LH:87
end_of_record
SF:lib\data\models\tv_season_detail_model.dart
DA:6,3
DA:26,1
DA:27,1
DA:28,1
DA:29,1
DA:30,1
DA:31,4
DA:32,1
DA:33,1
DA:34,1
DA:35,1
DA:36,1
DA:39,2
DA:40,2
DA:41,2
DA:42,2
DA:43,2
DA:44,2
DA:45,2
DA:46,2
DA:47,2
DA:48,2
DA:52,1
DA:53,1
DA:54,1
DA:55,1
DA:56,1
DA:57,1
DA:58,1
DA:59,1
DA:60,1
DA:61,1
LF:32
LH:32
end_of_record
SF:lib\data\models\tv_episode_detail_model.dart
DA:8,3
DA:36,1
DA:37,1
DA:38,1
DA:39,1
DA:40,4
DA:41,1
DA:42,1
DA:43,4
DA:44,1
DA:45,1
DA:46,1
DA:47,1
DA:48,1
DA:49,1
DA:50,2
DA:51,1
DA:54,2
DA:55,2
DA:56,2
DA:57,2
DA:58,2
DA:59,2
DA:60,2
DA:61,2
DA:62,2
DA:63,2
DA:64,2
DA:65,2
DA:66,2
DA:70,1
DA:71,1
DA:72,1
DA:73,1
DA:74,1
DA:75,1
DA:76,1
DA:77,1
DA:78,1
DA:79,1
DA:80,1
DA:81,1
DA:82,1
DA:83,1
LF:44
LH:44
end_of_record
SF:lib\data\datasources\tv_remote_data_source.dart
DA:22,1
DA:24,1
DA:27,4
DA:28,2
DA:29,4
DA:31,1
DA:35,1
DA:37,4
DA:38,2
DA:39,3
DA:41,1
DA:45,1
DA:48,1
DA:49,3
DA:50,2
DA:51,3
DA:53,1
DA:57,1
DA:60,3
DA:61,1
DA:62,2
DA:63,3
DA:65,1
DA:69,1
DA:71,1
DA:72,3
DA:73,2
DA:74,4
DA:76,1
DA:80,1
DA:83,4
DA:85,2
DA:86,4
DA:88,1
DA:92,1
DA:95,4
DA:97,2
DA:98,4
DA:100,1
DA:104,1
DA:106,1
DA:107,3
DA:109,2
DA:110,4
DA:112,1
LF:45
LH:45
end_of_record
SF:lib\data\models\created_by_model.dart
DA:4,2
DA:18,2
DA:19,1
DA:20,1
DA:21,1
DA:22,1
DA:23,1
DA:26,1
DA:27,1
DA:28,1
DA:29,1
DA:30,1
DA:31,1
DA:32,1
LF:14
LH:14
end_of_record
SF:lib\data\models\crew_in_episode_detail_model.dart
DA:4,7
DA:20,1
DA:21,1
DA:22,1
DA:23,1
DA:24,1
DA:25,1
DA:26,1
DA:27,2
DA:30,4
DA:31,4
DA:32,4
DA:33,4
DA:34,4
DA:35,4
DA:36,4
DA:37,4
LF:17
LH:17
end_of_record
SF:lib\data\models\crew_in_season_detail_model.dart
DA:4,9
DA:34,1
DA:35,1
DA:36,2
DA:37,2
DA:38,1
DA:39,1
DA:40,1
DA:41,1
DA:42,1
DA:43,1
DA:44,1
DA:45,1
DA:46,2
DA:47,2
DA:48,2
DA:51,4
DA:53,4
DA:54,4
DA:55,4
DA:56,4
DA:57,4
DA:58,4
DA:59,4
DA:60,4
DA:61,4
DA:62,4
DA:63,4
DA:64,4
DA:65,4
DA:66,4
LF:31
LH:31
end_of_record
SF:lib\data\models\episode_model.dart
DA:6,9
DA:34,2
DA:35,1
DA:36,1
DA:37,1
DA:38,4
DA:39,2
DA:40,3
DA:41,1
DA:42,1
DA:43,1
DA:44,1
DA:45,1
DA:46,1
DA:47,2
DA:48,1
DA:51,4
DA:52,4
DA:53,4
DA:54,4
DA:55,4
DA:56,4
DA:57,4
DA:58,4
DA:59,4
DA:60,4
DA:61,4
DA:62,4
DA:63,4
DA:64,4
LF:30
LH:30
end_of_record
SF:lib\data\models\guest_star_model.dart
DA:4,7
DA:20,2
DA:21,1
DA:22,1
DA:23,1
DA:24,1
DA:25,1
DA:26,1
DA:29,4
DA:30,4
DA:31,4
DA:32,4
DA:33,4
DA:34,4
DA:35,4
DA:36,4
LF:16
LH:16
end_of_record
SF:lib\data\models\last_episode_to_air_model.dart
DA:5,13
DA:31,1
DA:32,1
DA:33,1
DA:34,1
DA:35,1
DA:36,1
DA:37,1
DA:38,1
DA:39,1
DA:40,1
DA:41,1
DA:42,1
DA:43,1
DA:46,3
DA:47,3
DA:48,3
DA:49,3
DA:50,3
DA:51,3
DA:52,3
DA:53,3
DA:54,3
DA:55,3
DA:56,3
DA:57,3
DA:58,3
LF:27
LH:27
end_of_record
SF:lib\data\models\season_model.dart
DA:5,13
DA:23,2
DA:24,1
DA:25,1
DA:26,1
DA:27,1
DA:28,1
DA:29,1
DA:30,1
DA:33,3
DA:34,3
DA:35,3
DA:36,3
DA:37,3
DA:38,3
DA:39,3
DA:40,3
DA:41,3
LF:18
LH:18
end_of_record
SF:lib\domain\entities\tv_episode_detail.dart
DA:6,6
DA:32,3
DA:33,3
DA:34,3
DA:35,3
DA:36,3
DA:37,3
DA:38,3
DA:39,3
DA:40,3
DA:41,3
DA:42,3
DA:43,3
DA:44,3
LF:14
LH:14
end_of_record
SF:lib\data\models\tv_model.dart
DA:5,4
DA:35,4
DA:36,2
DA:37,4
DA:38,2
DA:39,2
DA:40,4
DA:41,2
DA:42,2
DA:43,8
DA:44,8
DA:45,2
DA:46,2
DA:47,2
DA:48,2
DA:51,2
DA:52,1
DA:53,1
DA:54,1
DA:55,1
DA:56,1
DA:57,1
DA:58,1
DA:59,4
DA:60,4
DA:61,1
DA:62,1
DA:63,1
DA:64,1
DA:67,2
DA:68,2
DA:69,2
DA:70,2
DA:71,2
DA:72,2
DA:73,2
DA:74,2
DA:75,2
DA:76,2
DA:77,2
DA:78,2
DA:79,2
DA:80,2
DA:81,2
DA:85,2
DA:86,2
DA:87,2
DA:88,2
DA:89,2
DA:90,2
DA:91,2
DA:92,2
DA:93,2
DA:94,2
DA:95,2
DA:96,2
DA:97,2
DA:98,2
DA:99,2
LF:59
LH:59
end_of_record
SF:lib\data\models\tv_response.dart
DA:7,2
DA:9,4
DA:10,4
DA:11,6
DA:12,6
DA:14,1
DA:15,6
DA:17,1
DA:18,2
LF:9
LH:9
end_of_record
SF:lib\data\repositories\tv_repository_impl.dart
DA:11,1
DA:16,1
DA:19,2
DA:20,5
DA:21,1
DA:22,2
DA:23,1
DA:24,2
DA:28,1
DA:31,2
DA:32,5
DA:33,1
DA:34,2
DA:35,1
DA:36,2
DA:40,1
DA:43,2
DA:44,5
DA:45,1
DA:46,2
DA:47,1
DA:48,2
DA:52,1
DA:55,2
DA:56,2
DA:57,1
DA:58,2
DA:59,1
DA:60,2
DA:64,1
DA:68,2
DA:69,2
DA:70,1
DA:71,2
DA:72,1
DA:73,2
DA:77,1
DA:81,2
DA:83,2
DA:84,1
DA:85,2
DA:86,1
DA:87,2
DA:91,1
DA:94,2
DA:95,3
DA:96,1
DA:97,2
DA:98,1
DA:99,2
DA:103,1
DA:105,2
DA:106,5
DA:109,1
DA:111,2
DA:115,1
DA:119,3
DA:120,1
DA:121,1
DA:122,3
DA:126,1
DA:130,3
DA:131,1
DA:132,1
DA:133,3
DA:139,1
DA:142,2
DA:143,5
DA:144,1
DA:145,2
DA:146,1
DA:147,2
LF:72
LH:72
end_of_record
SF:lib\domain\entities\tv_season_detail.dart
DA:5,8
DA:25,3
DA:26,3
DA:27,3
DA:28,3
DA:29,3
DA:30,3
DA:31,3
DA:32,3
DA:33,3
DA:34,3
LF:11
LH:11
end_of_record
SF:lib\domain\usecases\get_now_playing_tv.dart
DA:8,1
DA:10,1
DA:11,2
LF:3
LH:3
end_of_record
SF:lib\domain\usecases\get_popular_tv.dart
DA:8,1
DA:10,1
DA:11,2
LF:3
LH:3
end_of_record
SF:lib\domain\usecases\get_top_rated_tv.dart
DA:8,1
DA:10,1
DA:11,2
LF:3
LH:3
end_of_record
SF:lib\domain\usecases\get_tv_detail.dart
DA:8,1
DA:10,1
DA:11,2
LF:3
LH:3
end_of_record
SF:lib\domain\usecases\get_tv_episode_detail.dart
DA:8,1
DA:10,1
DA:12,2
LF:3
LH:3
end_of_record
SF:lib\domain\usecases\get_tv_recommendations.dart
DA:8,1
DA:10,1
DA:11,2
LF:3
LH:3
end_of_record
SF:lib\domain\usecases\get_tv_season_detail.dart
DA:8,1
DA:10,1
DA:11,2
LF:3
LH:3
end_of_record
SF:lib\domain\usecases\get_tv_watchlist_status.dart
DA:6,1
DA:8,1
DA:9,2
LF:3
LH:3
end_of_record
SF:lib\domain\usecases\get_watchlist_tv.dart
DA:8,1
DA:10,1
DA:11,2
LF:3
LH:3
end_of_record
SF:lib\domain\usecases\remove_tv_watchlist.dart
DA:8,1
DA:10,1
DA:11,2
LF:3
LH:3
end_of_record
SF:lib\domain\usecases\save_tv_watchlist.dart
DA:8,1
DA:10,1
DA:11,2
LF:3
LH:3
end_of_record
SF:lib\presentation\bloc\tv_bloc.dart
DA:13,3
DA:14,2
DA:15,2
DA:17,2
DA:19,1
DA:20,2
DA:21,2
DA:23,2
DA:24,1
DA:34,3
DA:35,2
DA:36,2
DA:38,2
DA:40,1
DA:41,2
DA:42,2
DA:44,2
DA:45,1
DA:55,3
DA:56,2
DA:57,2
DA:59,2
DA:61,1
DA:62,2
DA:63,2
DA:65,2
DA:66,1
DA:76,3
DA:77,2
DA:78,1
DA:80,2
DA:82,2
DA:84,1
DA:85,2
DA:86,2
DA:88,2
DA:89,1
DA:99,3
DA:100,2
DA:101,1
DA:103,2
DA:105,2
DA:107,1
DA:108,2
DA:109,2
DA:111,2
DA:112,1
DA:122,3
DA:123,2
DA:124,1
DA:125,1
DA:127,2
DA:130,2
DA:132,1
DA:133,2
DA:134,2
DA:136,2
DA:137,1
DA:147,3
DA:148,2
DA:149,1
DA:150,1
DA:151,1
DA:153,2
DA:156,2
DA:158,1
DA:159,2
DA:160,2
DA:162,3
DA:177,1
DA:182,2
DA:183,2
DA:184,2
DA:186,2
DA:188,1
DA:189,2
DA:190,2
DA:192,2
DA:193,1
DA:198,2
DA:199,1
DA:201,2
DA:203,2
DA:204,2
DA:207,2
DA:208,1
DA:210,2
DA:212,2
DA:214,1
DA:215,2
DA:216,2
DA:218,2
DA:219,1
DA:224,2
DA:225,1
DA:227,2
DA:229,2
DA:231,1
DA:232,2
DA:233,2
DA:235,2
DA:236,1
LF:102
LH:102
end_of_record
SF:lib\presentation\bloc\tv_event.dart
DA:4,17
DA:6,1
DA:7,1
DA:18,7
DA:20,1
DA:21,2
DA:26,7
DA:28,1
DA:29,2
DA:36,4
DA:38,1
DA:39,3
DA:47,4
DA:53,1
DA:54,4
DA:61,7
DA:63,1
DA:64,2
DA:69,3
DA:71,1
DA:72,2
DA:77,3
DA:79,1
DA:80,2
LF:24
LH:24
end_of_record
SF:lib\presentation\bloc\tv_state.dart
DA:4,16
DA:6,8
DA:7,8
DA:17,16
DA:19,8
DA:20,16
DA:26,11
DA:28,5
DA:29,10
DA:35,2
DA:37,1
DA:38,2
DA:44,2
DA:46,1
DA:47,2
DA:53,2
DA:55,1
DA:56,2
DA:62,2
DA:64,1
DA:65,2
DA:71,2
DA:73,1
DA:74,2
LF:24
LH:24
end_of_record
SF:lib\presentation\pages\home_tv_page.dart
DA:12,1
DA:13,1
DA:17,1
DA:19,1
DA:20,2
DA:21,4
DA:22,4
DA:23,4
DA:27,1
DA:29,1
DA:30,1
DA:31,1
DA:32,1
DA:33,1
DA:34,1
DA:35,1
DA:37,1
DA:38,1
DA:40,1
DA:41,1
DA:42,1
DA:43,1
DA:44,1
DA:47,1
DA:48,1
DA:49,1
DA:50,1
DA:51,1
DA:54,1
DA:55,1
DA:56,1
DA:57,1
DA:58,1
DA:61,1
DA:62,1
DA:63,1
DA:64,1
DA:65,1
DA:71,1
DA:72,1
DA:73,1
DA:74,1
DA:75,1
DA:76,1
DA:78,1
DA:82,1
DA:84,1
DA:85,1
DA:87,1
DA:88,1
DA:90,1
DA:91,1
DA:93,1
DA:100,1
DA:103,2
DA:105,1
DA:106,1
DA:107,1
DA:108,1
DA:109,1
DA:111,1
DA:112,2
DA:114,1
DA:118,1
DA:121,2
DA:123,1
DA:124,1
DA:125,1
DA:126,1
DA:127,1
DA:129,1
DA:130,2
DA:132,1
DA:136,1
DA:139,2
DA:141,1
DA:142,1
DA:143,1
DA:144,1
DA:145,1
DA:147,1
DA:148,2
DA:150,1
DA:161,1
DA:166,1
DA:168,1
DA:169,1
DA:171,1
DA:173,1
DA:175,1
DA:176,1
DA:178,1
DA:179,3
DA:191,1
DA:193,1
DA:195,1
DA:197,1
DA:199,1
DA:200,2
DA:201,1
DA:203,1
DA:204,0
DA:205,0
DA:208,0
DA:211,1
DA:212,1
DA:213,1
DA:215,1
DA:216,2
DA:217,2
DA:218,1
DA:225,2
LF:112
LH:109
end_of_record
SF:lib\presentation\pages\now_playing_tv_page.dart
DA:8,2
DA:9,2
DA:13,2
DA:15,2
DA:16,2
DA:17,10
DA:20,2
DA:22,2
DA:23,2
DA:24,2
DA:26,2
DA:28,2
DA:29,2
DA:30,2
DA:31,1
DA:32,1
DA:34,2
DA:35,1
DA:36,1
DA:37,2
DA:38,1
DA:40,2
DA:43,2
DA:44,2
DA:45,2
LF:25
LH:25
end_of_record
SF:lib\presentation\pages\popular_tv_page.dart
DA:8,2
DA:9,2
DA:13,2
DA:15,2
DA:16,12
DA:19,2
DA:21,2
DA:22,2
DA:23,2
DA:25,2
DA:27,2
DA:28,2
DA:29,2
DA:30,1
DA:31,1
DA:33,2
DA:34,1
DA:35,1
DA:36,2
DA:37,1
DA:39,2
DA:42,2
DA:43,2
DA:44,2
LF:24
LH:24
end_of_record
SF:lib\presentation\pages\top_rated_tv_page.dart
DA:8,2
DA:9,2
DA:13,2
DA:15,2
DA:16,12
DA:19,2
DA:21,2
DA:22,2
DA:23,2
DA:25,2
DA:27,2
DA:28,2
DA:29,2
DA:30,1
DA:31,1
DA:33,2
DA:34,1
DA:35,1
DA:36,2
DA:37,1
DA:39,2
DA:42,2
DA:43,2
DA:44,2
LF:24
LH:24
end_of_record
SF:lib\presentation\pages\tv_detail_page.dart
DA:10,5
DA:12,5
DA:13,5
DA:17,5
DA:19,5
DA:20,10
DA:21,30
DA:22,30
DA:23,30
DA:27,5
DA:29,5
DA:30,5
DA:31,5
DA:32,5
DA:36,5
DA:37,1
DA:39,1
DA:40,1
DA:41,1
DA:42,3
DA:45,2
DA:46,1
DA:47,2
DA:49,1
DA:50,1
DA:70,1
DA:72,1
DA:74,3
DA:75,1
DA:76,1
DA:77,1
DA:78,3
DA:80,1
DA:84,1
DA:86,1
DA:87,1
DA:88,1
DA:98,2
DA:99,1
DA:101,1
DA:103,1
DA:105,1
DA:106,1
DA:107,2
DA:108,1
DA:110,1
DA:111,1
DA:112,1
DA:113,1
DA:115,1
DA:116,3
DA:119,1
DA:120,3
DA:123,1
DA:129,1
DA:130,1
DA:132,1
DA:133,1
DA:134,1
DA:135,2
DA:136,1
DA:139,1
DA:140,4
DA:142,1
DA:144,1
DA:152,1
DA:154,1
DA:155,1
DA:162,1
DA:163,3
DA:165,1
DA:166,1
DA:168,1
DA:169,4
DA:176,1
DA:177,1
DA:179,1
DA:180,3
DA:187,1
DA:188,1
DA:189,1
DA:190,3
DA:192,1
DA:198,4
DA:204,1
DA:206,1
DA:208,1
DA:210,1
DA:212,3
DA:213,1
DA:214,2
DA:215,3
DA:216,1
DA:218,1
DA:219,2
DA:221,1
DA:222,1
DA:223,1
DA:226,1
DA:227,2
DA:232,2
DA:238,1
DA:241,1
DA:243,1
DA:245,1
DA:246,2
DA:251,1
DA:253,1
DA:255,1
DA:256,1
DA:257,1
DA:261,1
DA:262,2
DA:263,1
DA:264,1
DA:266,1
DA:268,1
DA:269,2
DA:270,1
DA:271,2
DA:273,1
DA:274,1
DA:275,1
DA:278,1
DA:281,1
DA:286,1
DA:288,2
DA:289,1
DA:299,2
DA:303,1
DA:311,1
DA:313,1
DA:325,1
DA:327,1
DA:330,1
DA:331,0
DA:332,0
DA:342,1
DA:344,2
DA:345,3
DA:348,1
DA:352,3
LF:142
LH:140
end_of_record
SF:lib\presentation\pages\tv_episode_detail_page.dart
DA:15,2
DA:20,2
DA:22,2
DA:23,2
DA:32,2
DA:34,2
DA:35,2
DA:36,8
DA:37,2
DA:38,4
DA:39,4
DA:40,4
DA:46,2
DA:48,6
DA:50,2
DA:51,2
DA:52,8
DA:54,2
DA:55,2
DA:56,2
DA:60,2
DA:61,1
DA:63,1
DA:64,1
DA:66,1
DA:67,1
DA:68,2
DA:69,2
DA:70,1
DA:72,0
DA:76,0
DA:82,1
DA:84,1
DA:86,1
DA:87,1
DA:88,1
DA:89,1
DA:91,1
DA:94,3
DA:95,1
DA:98,1
DA:99,1
DA:100,1
DA:101,2
DA:103,1
DA:109,3
DA:112,1
DA:115,1
DA:117,1
DA:119,1
DA:120,1
DA:122,1
DA:125,1
DA:126,1
DA:127,2
DA:128,2
DA:132,1
DA:133,1
DA:134,1
DA:135,1
DA:136,1
DA:137,1
DA:139,1
DA:143,2
DA:145,1
DA:147,1
DA:149,1
DA:151,2
DA:152,1
DA:153,2
DA:155,1
DA:156,2
DA:158,1
DA:159,1
DA:160,1
DA:162,1
DA:165,1
DA:166,1
DA:168,2
DA:169,1
DA:170,1
DA:172,1
DA:175,0
DA:176,0
DA:180,0
DA:186,1
DA:191,1
DA:194,1
DA:195,1
DA:196,1
DA:197,1
DA:203,1
DA:204,1
DA:205,1
DA:222,1
DA:223,1
DA:224,1
DA:225,1
DA:227,1
DA:231,2
DA:233,1
DA:234,1
DA:237,1
DA:239,2
DA:240,1
DA:241,2
DA:243,1
DA:244,2
DA:246,1
DA:247,1
DA:248,1
DA:250,1
DA:253,1
DA:254,1
DA:256,2
DA:257,1
DA:258,1
DA:260,1
DA:263,0
DA:264,0
DA:268,0
DA:274,1
DA:279,1
DA:282,1
DA:283,1
DA:284,1
DA:285,1
DA:291,1
DA:292,1
DA:293,1
DA:299,1
DA:300,1
DA:301,1
LF:133
LH:125
end_of_record
SF:lib\presentation\pages\tv_season_detail_page.dart
DA:12,2
DA:16,2
DA:18,2
DA:19,2
DA:23,2
DA:25,2
DA:26,2
DA:27,8
DA:28,2
DA:29,4
DA:30,4
DA:36,2
DA:38,6
DA:39,6
DA:40,2
DA:41,2
DA:42,2
DA:44,2
DA:45,2
DA:46,2
DA:50,2
DA:51,1
DA:53,1
DA:54,1
DA:55,1
DA:56,2
DA:58,2
DA:59,1
DA:61,0
DA:65,0
DA:68,1
DA:69,1
DA:70,1
DA:71,1
DA:72,1
DA:73,1
DA:76,2
DA:78,1
DA:83,1
DA:85,1
DA:87,1
DA:88,1
DA:89,1
DA:95,1
DA:97,1
DA:98,1
DA:99,1
DA:102,1
DA:105,1
DA:107,1
DA:109,2
DA:110,1
DA:113,1
DA:115,1
DA:117,1
DA:119,1
DA:121,2
DA:122,1
DA:123,2
DA:124,1
DA:125,1
DA:126,2
DA:128,1
DA:129,1
DA:130,1
DA:133,1
DA:134,2
DA:135,2
DA:136,1
DA:140,1
DA:143,1
DA:144,1
DA:146,1
DA:147,1
DA:148,1
DA:150,2
DA:152,1
DA:153,1
DA:155,1
DA:158,0
DA:159,0
DA:163,0
DA:169,1
DA:170,1
DA:172,2
DA:173,1
DA:178,1
DA:179,2
DA:180,1
DA:188,0
LF:90
LH:84
end_of_record
SF:lib\presentation\pages\watchlist_tv_page.dart
DA:8,1
DA:9,1
DA:13,1
DA:15,1
DA:16,1
DA:17,5
DA:20,1
DA:22,1
DA:23,4
DA:26,0
DA:28,0
DA:31,1
DA:33,1
DA:34,1
DA:36,1
DA:37,1
DA:38,1
DA:39,1
DA:40,1
DA:42,1
DA:43,1
DA:44,1
DA:45,2
DA:46,1
DA:48,2
DA:51,1
DA:52,1
DA:53,1
DA:62,1
DA:64,2
DA:65,1
LF:31
LH:29
end_of_record
SF:lib\presentation\widgets\tv_card_list.dart
DA:10,4
DA:12,4
DA:14,4
DA:15,12
DA:17,4
DA:18,4
DA:19,4
DA:22,8
DA:25,4
DA:27,4
DA:28,4
DA:29,4
DA:35,4
DA:37,4
DA:38,4
DA:39,8
DA:42,4
DA:44,4
DA:47,4
DA:48,8
DA:56,4
DA:61,4
DA:62,4
DA:63,12
DA:65,8
DA:66,4
DA:69,8
LF:27
LH:27
end_of_record
