SF:lib\data\datasources\movie_local_data_source.dart
DA:14,1
DA:16,1
DA:19,2
DA:22,2
DA:26,1
DA:29,2
DA:32,2
DA:36,1
DA:38,2
DA:40,1
DA:46,1
DA:48,2
DA:49,4
LF:13
LH:13
end_of_record
SF:lib\data\models\movie_table.dart
DA:11,2
DA:18,2
DA:19,1
DA:20,1
DA:21,1
DA:22,1
DA:25,2
DA:26,1
DA:27,1
DA:28,1
DA:29,1
DA:32,0
DA:33,0
DA:34,0
DA:35,0
DA:36,0
DA:39,2
DA:40,1
DA:41,1
DA:42,1
DA:43,1
DA:46,2
DA:47,10
LF:23
LH:18
end_of_record
SF:lib\domain\entities\movie.dart
DA:4,14
DA:20,1
DA:41,7
DA:42,7
DA:43,7
DA:44,7
DA:45,7
DA:46,7
DA:47,7
DA:48,7
DA:49,7
DA:50,7
DA:51,7
DA:52,7
DA:53,7
DA:54,7
DA:55,7
LF:17
LH:17
end_of_record
SF:lib\domain\entities\movie_detail.dart
DA:5,7
DA:33,2
DA:34,2
DA:35,2
DA:36,2
DA:37,2
DA:38,2
DA:39,2
DA:40,2
DA:41,2
DA:42,2
DA:43,2
DA:44,2
DA:45,2
LF:14
LH:14
end_of_record
SF:lib\data\models\movie_detail_model.dart
DA:6,2
DA:52,1
DA:53,1
DA:54,1
DA:55,1
DA:56,1
DA:57,1
DA:58,4
DA:59,1
DA:60,1
DA:61,1
DA:62,1
DA:63,1
DA:64,1
DA:65,2
DA:66,1
DA:67,1
DA:68,1
DA:69,1
DA:70,1
DA:71,1
DA:72,1
DA:73,1
DA:74,2
DA:75,1
DA:78,1
DA:79,1
DA:80,1
DA:81,1
DA:82,5
DA:83,1
DA:84,1
DA:85,1
DA:86,1
DA:87,1
DA:88,1
DA:89,1
DA:90,1
DA:91,1
DA:95,1
DA:96,1
DA:97,1
DA:98,1
DA:99,1
DA:100,1
DA:101,1
DA:102,1
DA:103,1
DA:104,1
DA:105,1
DA:106,1
DA:107,1
DA:108,1
DA:109,1
DA:110,1
DA:111,1
DA:112,1
DA:113,1
DA:114,1
DA:115,1
DA:116,1
DA:117,1
LF:62
LH:62
end_of_record
SF:lib\data\datasources\movie_remote_data_source.dart
DA:19,1
DA:21,1
DA:24,4
DA:26,2
DA:27,4
DA:29,1
DA:33,1
DA:36,4
DA:38,2
DA:39,3
DA:41,1
DA:45,1
DA:47,1
DA:48,3
DA:50,2
DA:51,4
DA:53,1
DA:57,1
DA:60,4
DA:62,2
DA:63,4
DA:65,1
DA:69,1
DA:72,4
DA:74,2
DA:75,4
DA:77,1
DA:81,1
DA:83,1
DA:84,3
DA:86,2
DA:87,4
DA:89,1
LF:33
LH:33
end_of_record
SF:lib\data\models\movie_model.dart
DA:6,4
DA:36,4
DA:37,2
DA:38,2
DA:39,8
DA:40,2
DA:41,2
DA:42,2
DA:43,4
DA:44,2
DA:45,2
DA:46,2
DA:47,2
DA:48,4
DA:49,2
DA:52,2
DA:53,1
DA:54,1
DA:55,4
DA:56,1
DA:57,1
DA:58,1
DA:59,1
DA:60,1
DA:61,1
DA:62,1
DA:63,1
DA:64,1
DA:65,1
DA:68,2
DA:69,2
DA:70,2
DA:71,2
DA:72,2
DA:73,2
DA:74,2
DA:75,2
DA:76,2
DA:77,2
DA:78,2
DA:79,2
DA:80,2
DA:81,2
DA:82,2
DA:86,2
DA:87,2
DA:88,2
DA:89,2
DA:90,2
DA:91,2
DA:92,2
DA:93,2
DA:94,2
DA:95,2
DA:96,2
DA:97,2
DA:98,2
DA:99,2
DA:100,2
LF:59
LH:59
end_of_record
SF:lib\data\models\movie_response.dart
DA:8,2
DA:10,4
DA:11,4
DA:12,6
DA:13,6
DA:16,2
DA:17,5
DA:20,1
DA:21,2
LF:9
LH:9
end_of_record
SF:lib\data\repositories\movie_repository_impl.dart
DA:11,1
DA:16,1
DA:19,2
DA:20,5
DA:21,1
DA:22,2
DA:23,1
DA:24,2
DA:28,1
DA:31,2
DA:32,2
DA:33,1
DA:34,2
DA:35,1
DA:36,2
DA:40,1
DA:43,2
DA:44,3
DA:45,1
DA:46,2
DA:47,1
DA:48,2
DA:52,1
DA:55,2
DA:56,5
DA:57,1
DA:58,2
DA:59,1
DA:60,2
DA:64,1
DA:67,2
DA:68,5
DA:69,1
DA:70,2
DA:71,1
DA:72,2
DA:76,1
DA:79,2
DA:80,5
DA:81,1
DA:82,2
DA:83,1
DA:84,2
DA:88,1
DA:91,1
DA:92,2
DA:93,1
DA:94,1
DA:95,3
DA:101,1
DA:104,1
DA:105,2
DA:106,1
DA:107,1
DA:108,3
DA:112,1
DA:114,2
DA:118,1
DA:120,2
DA:121,5
LF:60
LH:60
end_of_record
SF:lib\domain\usecases\get_movie_detail.dart
DA:8,1
DA:10,1
DA:11,2
LF:3
LH:3
end_of_record
SF:lib\domain\usecases\get_movie_recommendations.dart
DA:8,1
DA:10,1
DA:11,2
LF:3
LH:3
end_of_record
SF:lib\domain\usecases\get_movie_watchlist_status.dart
DA:7,1
DA:9,1
DA:10,2
LF:3
LH:3
end_of_record
SF:lib\domain\usecases\get_now_playing_movies.dart
DA:8,1
DA:10,1
DA:11,2
LF:3
LH:3
end_of_record
SF:lib\domain\usecases\get_popular_movies.dart
DA:8,1
DA:10,1
DA:11,2
LF:3
LH:3
end_of_record
SF:lib\domain\usecases\get_top_rated_movies.dart
DA:8,1
DA:10,1
DA:11,2
LF:3
LH:3
end_of_record
SF:lib\domain\usecases\get_watchlist_movies.dart
DA:8,1
DA:10,1
DA:11,2
LF:3
LH:3
end_of_record
SF:lib\domain\usecases\remove_movie_watchlist.dart
DA:8,1
DA:10,1
DA:11,2
LF:3
LH:3
end_of_record
SF:lib\domain\usecases\save_movie_watchlist.dart
DA:8,1
DA:10,1
DA:11,2
LF:3
LH:3
end_of_record
SF:lib\presentation\pages\home_movie_page.dart
DA:12,1
DA:13,1
DA:17,1
DA:19,1
DA:20,2
DA:21,4
DA:22,4
DA:23,4
DA:27,1
DA:29,1
DA:30,1
DA:31,1
DA:32,1
DA:33,1
DA:34,1
DA:35,1
DA:37,1
DA:38,1
DA:40,1
DA:41,1
DA:42,1
DA:43,0
DA:44,0
DA:47,1
DA:48,1
DA:49,1
DA:50,0
DA:51,0
DA:54,1
DA:55,1
DA:56,1
DA:57,0
DA:58,0
DA:61,1
DA:62,0
DA:63,0
DA:65,1
DA:66,1
DA:71,1
DA:72,1
DA:73,1
DA:74,1
DA:75,1
DA:76,0
DA:77,0
DA:79,1
DA:83,1
DA:85,1
DA:86,1
DA:88,1
DA:89,1
DA:91,1
DA:92,1
DA:94,1
DA:101,1
DA:104,0
DA:105,0
DA:107,1
DA:108,1
DA:109,1
DA:110,1
DA:111,1
DA:113,1
DA:114,2
DA:116,1
DA:119,1
DA:122,0
DA:124,1
DA:125,1
DA:126,1
DA:127,1
DA:128,1
DA:130,1
DA:131,2
DA:133,1
DA:136,1
DA:139,0
DA:140,0
DA:142,1
DA:143,1
DA:144,1
DA:145,1
DA:146,1
DA:148,1
DA:149,2
DA:151,1
DA:161,1
DA:166,1
DA:168,1
DA:169,1
DA:171,1
DA:173,1
DA:175,1
DA:176,1
DA:178,1
DA:179,3
DA:191,1
DA:193,1
DA:195,1
DA:197,1
DA:199,1
DA:200,2
DA:201,1
DA:203,1
DA:204,0
DA:205,0
DA:208,0
DA:211,1
DA:212,2
DA:213,1
DA:214,2
DA:215,2
DA:216,1
DA:223,2
LF:114
LH:96
end_of_record
SF:lib\presentation\pages\now_playing_movies_page.dart
DA:8,1
DA:9,1
DA:13,1
DA:15,1
DA:16,4
DA:19,1
DA:21,1
DA:22,1
DA:23,1
DA:25,1
DA:27,1
DA:28,1
DA:29,1
DA:30,1
DA:31,1
DA:33,1
DA:34,1
DA:35,1
DA:36,2
DA:37,1
DA:39,2
DA:42,1
DA:43,1
DA:44,1
LF:24
LH:24
end_of_record
SF:lib\presentation\pages\popular_movies_page.dart
DA:8,1
DA:9,1
DA:13,1
DA:15,1
DA:16,4
DA:19,1
DA:21,1
DA:22,1
DA:23,1
DA:25,1
DA:27,1
DA:28,1
DA:29,1
DA:30,1
DA:31,1
DA:33,1
DA:34,1
DA:35,1
DA:36,2
DA:37,1
DA:39,2
DA:42,1
DA:43,1
DA:44,1
LF:24
LH:24
end_of_record
SF:lib\presentation\pages\top_rated_movies_page.dart
DA:8,1
DA:9,1
DA:13,1
DA:15,1
DA:16,4
DA:19,1
DA:21,1
DA:22,1
DA:23,1
DA:25,1
DA:27,1
DA:28,1
DA:29,1
DA:30,1
DA:31,1
DA:33,1
DA:34,1
DA:35,1
DA:36,2
DA:37,1
DA:39,2
DA:42,1
DA:43,1
DA:44,1
LF:24
LH:24
end_of_record
SF:lib\presentation\pages\movie_detail_page.dart
DA:11,1
DA:13,1
DA:14,1
DA:18,1
DA:20,1
DA:21,2
DA:22,6
DA:23,1
DA:24,1
DA:25,4
DA:26,6
DA:30,1
DA:32,1
DA:33,1
DA:34,1
DA:35,1
DA:39,1
DA:40,1
DA:42,1
DA:43,1
DA:44,1
DA:45,3
DA:48,2
DA:49,1
DA:50,2
DA:52,1
DA:53,1
DA:73,1
DA:75,1
DA:77,3
DA:78,1
DA:79,1
DA:80,1
DA:81,3
DA:83,1
DA:87,1
DA:89,1
DA:90,1
DA:91,1
DA:101,1
DA:102,1
DA:103,1
DA:105,1
DA:107,1
DA:109,1
DA:110,1
DA:111,2
DA:112,1
DA:114,1
DA:115,1
DA:116,1
DA:118,1
DA:119,3
DA:122,1
DA:123,3
DA:126,1
DA:133,1
DA:134,1
DA:136,1
DA:137,1
DA:138,1
DA:139,2
DA:140,1
DA:143,1
DA:144,4
DA:146,1
DA:148,1
DA:155,1
DA:157,1
DA:158,1
DA:165,1
DA:166,3
DA:168,1
DA:169,3
DA:171,1
DA:172,1
DA:173,1
DA:174,3
DA:176,1
DA:182,4
DA:186,1
DA:188,1
DA:190,1
DA:191,2
DA:194,1
DA:196,1
DA:198,1
DA:199,1
DA:200,1
DA:204,1
DA:205,2
DA:206,1
DA:207,1
DA:209,1
DA:211,1
DA:212,2
DA:213,1
DA:214,2
DA:216,1
DA:217,0
DA:218,0
DA:221,0
DA:224,1
DA:229,1
DA:231,2
DA:232,1
DA:242,2
DA:246,1
DA:254,1
DA:256,1
DA:269,1
DA:271,1
DA:274,1
DA:276,0
DA:277,0
DA:286,1
DA:288,2
DA:289,3
DA:292,1
DA:296,3
DA:299,1
DA:300,1
DA:301,1
DA:303,1
DA:304,1
DA:306,0
LF:126
LH:120
end_of_record
SF:lib\presentation\pages\watchlist_movies_page.dart
DA:7,1
DA:8,1
DA:13,1
DA:15,1
DA:16,4
DA:19,1
DA:21,1
DA:22,4
DA:25,0
DA:26,0
DA:29,1
DA:31,1
DA:32,1
DA:34,1
DA:35,1
DA:36,1
DA:37,1
DA:38,1
DA:40,1
DA:41,1
DA:42,1
DA:43,2
DA:44,1
DA:46,2
DA:49,1
DA:50,1
DA:51,1
DA:60,1
DA:62,2
DA:63,1
LF:30
LH:28
end_of_record
SF:lib\presentation\bloc\movie_bloc.dart
DA:11,3
DA:12,2
DA:13,2
DA:15,2
DA:17,1
DA:18,2
DA:19,2
DA:21,2
DA:22,1
DA:32,3
DA:33,2
DA:34,2
DA:36,2
DA:38,1
DA:39,2
DA:40,2
DA:42,2
DA:43,1
DA:53,3
DA:54,2
DA:55,2
DA:57,2
DA:59,1
DA:60,2
DA:61,2
DA:63,2
DA:64,1
DA:74,3
DA:75,2
DA:76,1
DA:78,2
DA:81,2
DA:83,1
DA:84,2
DA:85,2
DA:87,2
DA:88,1
DA:98,3
DA:99,2
DA:100,1
DA:102,2
DA:104,2
DA:106,1
DA:107,2
DA:108,2
DA:110,2
DA:111,1
DA:127,1
DA:132,2
DA:133,2
DA:134,2
DA:136,2
DA:138,1
DA:139,2
DA:140,2
DA:142,2
DA:143,1
DA:148,2
DA:149,1
DA:151,2
DA:154,2
DA:155,2
DA:158,2
DA:159,1
DA:161,2
DA:164,2
DA:166,1
DA:167,2
DA:168,2
DA:170,2
DA:171,1
DA:176,2
DA:177,1
DA:179,2
DA:182,2
DA:184,1
DA:185,2
DA:186,2
DA:188,2
DA:189,1
LF:80
LH:80
end_of_record
SF:lib\presentation\bloc\movie_event.dart
DA:4,12
DA:6,0
DA:7,0
DA:18,2
DA:20,0
DA:21,0
DA:26,2
DA:28,0
DA:29,0
DA:36,2
DA:38,0
DA:39,0
DA:44,2
DA:46,0
DA:47,0
DA:52,2
DA:54,0
DA:55,0
LF:18
LH:6
end_of_record
SF:lib\presentation\bloc\movie_state.dart
DA:4,12
DA:6,6
DA:7,6
DA:17,12
DA:19,6
DA:20,12
DA:26,11
DA:28,5
DA:29,10
DA:35,2
DA:37,1
DA:38,2
DA:44,2
DA:46,1
DA:47,2
DA:53,2
DA:55,1
DA:56,2
LF:18
LH:18
end_of_record
SF:lib\presentation\widgets\movie_card_list.dart
DA:10,4
DA:12,4
DA:14,4
DA:15,12
DA:17,4
DA:18,0
DA:19,0
DA:22,0
DA:25,4
DA:27,4
DA:28,4
DA:29,4
DA:35,4
DA:37,4
DA:38,4
DA:39,8
DA:42,4
DA:44,4
DA:45,4
DA:46,8
DA:54,4
DA:59,4
DA:60,4
DA:61,12
DA:63,8
DA:64,4
DA:67,8
LF:27
LH:24
end_of_record
